This is pdfTeX, Version 3.1415926-2.3-1.40.12 (MiKTeX 2.9) (preloaded format=pdflatex 2012.6.8)  10 AUG 2012 17:28
entering extended mode
**C:/Users/A.S.Arora/Documents/IISER*2012/IISER_repo/Semester_3/Chemistry_Pract
icals/Record/FrontBackmatter/Acknowledgments.tex

("C:/Users/A.S.Arora/Documents/IISER 2012/IISER_repo/Semester_3/Chemistry_Pract
icals/Record/FrontBackmatter/Acknowledgments.tex"
LaTeX2e <2011/06/27>
Babel <v3.8m> and hyphenation patterns for english, afrikaans, ancientgreek, ar
abic, armenian, assamese, basque, bengali, bokmal, bulgarian, catalan, coptic, 
croatian, czech, danish, dutch, esperanto, estonian, farsi, finnish, french, ga
lician, german, german-x-2009-06-19, greek, gujarati, hindi, hungarian, iceland
ic, indonesian, interlingua, irish, italian, kannada, kurmanji, lao, latin, lat
vian, lithuanian, malayalam, marathi, mongolian, mongolianlmc, monogreek, ngerm
an, ngerman-x-2009-06-19, nynorsk, oriya, panjabi, pinyin, polish, portuguese, 
romanian, russian, sanskrit, serbian, slovak, slovenian, spanish, swedish, swis
sgerman, tamil, telugu, turkish, turkmen, ukenglish, ukrainian, uppersorbian, u
senglishmax, welsh, loaded.
! Undefined control sequence.
l.4 \pdfbookmark
                [1]{Acknowledgments}{acknowledgments}
The control sequence at the end of the top line
of your error message was never \def'ed. If you have
misspelled it (e.g., `\hobx'), type `I' and the correct
spelling (e.g., `I\hbox'). Otherwise just continue,
and I'll forget about whatever was undefined.


! LaTeX Error: Missing \begin{document}.

See the LaTeX manual or LaTeX Companion for explanation.
Type  H <return>  for immediate help.
 ...                                              
                                                  
l.4 \pdfbookmark[
                 1]{Acknowledgments}{acknowledgments}
You're in trouble here.  Try typing  <return>  to proceed.
If that doesn't work, type  X <return>  to quit.

Missing character: There is no [ in font nullfont!
Missing character: There is no 1 in font nullfont!
Missing character: There is no ] in font nullfont!
Missing character: There is no A in font nullfont!
Missing character: There is no c in font nullfont!
Missing character: There is no k in font nullfont!
Missing character: There is no n in font nullfont!
Missing character: There is no o in font nullfont!
Missing character: There is no w in font nullfont!
Missing character: There is no l in font nullfont!
Missing character: There is no e in font nullfont!
Missing character: There is no d in font nullfont!
Missing character: There is no g in font nullfont!
Missing character: There is no m in font nullfont!
Missing character: There is no e in font nullfont!
Missing character: There is no n in font nullfont!
Missing character: There is no t in font nullfont!
Missing character: There is no s in font nullfont!
Missing character: There is no a in font nullfont!
Missing character: There is no c in font nullfont!
Missing character: There is no k in font nullfont!
Missing character: There is no n in font nullfont!
Missing character: There is no o in font nullfont!
Missing character: There is no w in font nullfont!
Missing character: There is no l in font nullfont!
Missing character: There is no e in font nullfont!
Missing character: There is no d in font nullfont!
Missing character: There is no g in font nullfont!
Missing character: There is no m in font nullfont!
Missing character: There is no e in font nullfont!
Missing character: There is no n in font nullfont!
Missing character: There is no t in font nullfont!
Missing character: There is no s in font nullfont!

Overfull \hbox (20.0pt too wide) in paragraph at lines 4--5
[] 
 []


! LaTeX Error: Missing \begin{document}.

See the LaTeX manual or LaTeX Companion for explanation.
Type  H <return>  for immediate help.
 ...                                              
                                                  
l.6 \begin{flushright}
                      {\slshape
You're in trouble here.  Try typing  <return>  to proceed.
If that doesn't work, type  X <return>  to quit.


Overfull \hbox (20.0pt too wide) in paragraph at lines 6--6
[] 
 []


Overfull \hbox (25.4445pt too wide) in paragraph at lines 7--10
 \OT1/cmr/m/sl/10 Every
 []


Overfull \hbox (19.44449pt too wide) in paragraph at lines 7--10
 \OT1/cmr/m/sl/10 hon-
 []


Overfull \hbox (12.27779pt too wide) in paragraph at lines 7--10
 \OT1/cmr/m/sl/10 est
 []


Overfull \hbox (11.69444pt too wide) in paragraph at lines 7--10
 \OT1/cmr/m/sl/10 re-
 []


Overfull \hbox (35.38892pt too wide) in paragraph at lines 7--10
 \OT1/cmr/m/sl/10 searcher
 []


Overfull \hbox (3.61111pt too wide) in paragraph at lines 7--10
 \OT1/cmr/m/sl/10 I
 []


Overfull \hbox (22.77783pt too wide) in paragraph at lines 7--10
 \OT1/cmr/m/sl/10 know
 []


Overfull \hbox (13.88892pt too wide) in paragraph at lines 7--10
 \OT1/cmr/m/sl/10 ad-
 []


Overfull \hbox (18.94449pt too wide) in paragraph at lines 7--10
 \OT1/cmr/m/sl/10 mits
 []


Overfull \hbox (16.72224pt too wide) in paragraph at lines 7--10
 \OT1/cmr/m/sl/10 he's
 []


Overfull \hbox (16.44449pt too wide) in paragraph at lines 7--10
 \OT1/cmr/m/sl/10 just
 []


Overfull \hbox (5.00002pt too wide) in paragraph at lines 7--10
 \OT1/cmr/m/sl/10 a
 []


Overfull \hbox (17.80559pt too wide) in paragraph at lines 7--10
 \OT1/cmr/m/sl/10 pro-
 []


Overfull \hbox (14.77779pt too wide) in paragraph at lines 7--10
 \OT1/cmr/m/sl/10 fes-
 []


Overfull \hbox (25.05562pt too wide) in paragraph at lines 7--10
 \OT1/cmr/m/sl/10 sional
 []


Overfull \hbox (16.6667pt too wide) in paragraph at lines 7--10
 \OT1/cmr/m/sl/10 am-
 []


Overfull \hbox (8.33334pt too wide) in paragraph at lines 7--10
 \OT1/cmr/m/sl/10 a-
 []


Overfull \hbox (20.58337pt too wide) in paragraph at lines 7--10
 \OT1/cmr/m/sl/10 teur.
 []


Overfull \hbox (18.66669pt too wide) in paragraph at lines 7--10
 \OT1/cmr/m/sl/10 He's
 []


Overfull \hbox (13.88892pt too wide) in paragraph at lines 7--10
 \OT1/cmr/m/sl/10 do-
 []


Overfull \hbox (13.33337pt too wide) in paragraph at lines 7--10
 \OT1/cmr/m/sl/10 ing
 []


Overfull \hbox (25.00005pt too wide) in paragraph at lines 7--10
 \OT1/cmr/m/sl/10 what-
 []


Overfull \hbox (17.80557pt too wide) in paragraph at lines 7--10
 \OT1/cmr/m/sl/10 ever
 []


Overfull \hbox (16.72224pt too wide) in paragraph at lines 7--10
 \OT1/cmr/m/sl/10 he's
 []


Overfull \hbox (13.88892pt too wide) in paragraph at lines 7--10
 \OT1/cmr/m/sl/10 do-
 []


Overfull \hbox (13.33337pt too wide) in paragraph at lines 7--10
 \OT1/cmr/m/sl/10 ing
 []


Overfull \hbox (11.97226pt too wide) in paragraph at lines 7--10
 \OT1/cmr/m/sl/10 for
 []


Overfull \hbox (13.88892pt too wide) in paragraph at lines 7--10
 \OT1/cmr/m/sl/10 the
 []


Overfull \hbox (17.30559pt too wide) in paragraph at lines 7--10
 \OT1/cmr/m/sl/10 first
 []


Overfull \hbox (22.22227pt too wide) in paragraph at lines 7--10
 \OT1/cmr/m/sl/10 time.
 []


Overfull \hbox (21.66672pt too wide) in paragraph at lines 7--10
 \OT1/cmr/m/sl/10 That
 []


Overfull \hbox (26.72227pt too wide) in paragraph at lines 7--10
 \OT1/cmr/m/sl/10 makes
 []


Overfull \hbox (16.66672pt too wide) in paragraph at lines 7--10
 \OT1/cmr/m/sl/10 him
 []


Overfull \hbox (10.55559pt too wide) in paragraph at lines 7--10
 \OT1/cmr/m/sl/10 an
 []


Overfull \hbox (16.6667pt too wide) in paragraph at lines 7--10
 \OT1/cmr/m/sl/10 am-
 []


Overfull \hbox (8.33334pt too wide) in paragraph at lines 7--10
 \OT1/cmr/m/sl/10 a-
 []


Overfull \hbox (20.58337pt too wide) in paragraph at lines 7--10
 \OT1/cmr/m/sl/10 teur.
 []


Overfull \hbox (11.94446pt too wide) in paragraph at lines 7--10
 \OT1/cmr/m/sl/10 He
 []


Overfull \hbox (14.50003pt too wide) in paragraph at lines 7--10
 \OT1/cmr/m/sl/10 has
 []


Overfull \hbox (22.33334pt too wide) in paragraph at lines 7--10
 \OT1/cmr/m/sl/10 sense
 []


Overfull \hbox (31.11119pt too wide) in paragraph at lines 7--10
 \OT1/cmr/m/sl/10 enough
 []


Overfull \hbox (8.88892pt too wide) in paragraph at lines 7--10
 \OT1/cmr/m/sl/10 to
 []


Overfull \hbox (22.77783pt too wide) in paragraph at lines 7--10
 \OT1/cmr/m/sl/10 know
 []


Overfull \hbox (18.33339pt too wide) in paragraph at lines 7--10
 \OT1/cmr/m/sl/10 that
 []


Overfull \hbox (16.72224pt too wide) in paragraph at lines 7--10
 \OT1/cmr/m/sl/10 he's
 []


Overfull \hbox (13.33336pt too wide) in paragraph at lines 7--10
 \OT1/cmr/m/sl/10 go-
 []


Overfull \hbox (13.33337pt too wide) in paragraph at lines 7--10
 \OT1/cmr/m/sl/10 ing
 []


Overfull \hbox (8.88892pt too wide) in paragraph at lines 7--10
 \OT1/cmr/m/sl/10 to
 []


Overfull \hbox (19.72226pt too wide) in paragraph at lines 7--10
 \OT1/cmr/m/sl/10 have
 []


Overfull \hbox (5.00002pt too wide) in paragraph at lines 7--10
 \OT1/cmr/m/sl/10 a
 []


Overfull \hbox (11.6667pt too wide) in paragraph at lines 7--10
 \OT1/cmr/m/sl/10 lot
 []


Overfull \hbox (8.05559pt too wide) in paragraph at lines 7--10
 \OT1/cmr/m/sl/10 of
 []


Overfull \hbox (21.69449pt too wide) in paragraph at lines 7--10
 \OT1/cmr/m/sl/10 trou-
 []


Overfull \hbox (15.55559pt too wide) in paragraph at lines 7--10
 \OT1/cmr/m/sl/10 ble,
 []


Overfull \hbox (8.94446pt too wide) in paragraph at lines 7--10
 \OT1/cmr/m/sl/10 so
 []


Overfull \hbox (18.33339pt too wide) in paragraph at lines 7--10
 \OT1/cmr/m/sl/10 that
 []


Overfull \hbox (26.72227pt too wide) in paragraph at lines 7--10
 \OT1/cmr/m/sl/10 makes
 []


Overfull \hbox (16.66672pt too wide) in paragraph at lines 7--10
 \OT1/cmr/m/sl/10 him
 []


Overfull \hbox (5.00002pt too wide) in paragraph at lines 7--10
 \OT1/cmr/m/sl/10 a
 []


Overfull \hbox (17.80559pt too wide) in paragraph at lines 7--10
 \OT1/cmr/m/sl/10 pro-
 []


Overfull \hbox (14.77779pt too wide) in paragraph at lines 7--10
 \OT1/cmr/m/sl/10 fes-
 []


Overfull \hbox (27.8334pt too wide) in paragraph at lines 7--10
 \OT1/cmr/m/sl/10 sional.
 []


Overfull \hbox (10.00002pt too wide) in paragraph at lines 11--12
 []\OT1/cmr/m/sl/10 ---
 []


Overfull \hbox (32.86116pt too wide) in paragraph at lines 11--12
 \OT1/cmr/m/sl/10 Charles
 []


Overfull \hbox (9.30559pt too wide) in paragraph at lines 11--12
 \OT1/cmr/m/sl/10 F.
 []


Overfull \hbox (19.44447pt too wide) in paragraph at lines 11--12
 \OT1/cmr/m/sl/10 Ket-
 []


Overfull \hbox (15.58334pt too wide) in paragraph at lines 11--12
 \OT1/cmr/m/sl/10 ter-
 []


Overfull \hbox (13.33337pt too wide) in paragraph at lines 11--12
 \OT1/cmr/m/sl/10 ing
 []


Overfull \hbox (27.22229pt too wide) in paragraph at lines 11--12
 \OT1/cmr/m/sl/10 (1876-
 []


Overfull \hbox (23.88896pt too wide) in paragraph at lines 11--12
 \OT1/cmr/m/sl/10 1958)
 []


Overfull \hbox (33.0834pt too wide) in paragraph at lines 11--12
 \OT1/cmr/m/sl/10 (Holder
 []


Overfull \hbox (8.05559pt too wide) in paragraph at lines 11--12
 \OT1/cmr/m/sl/10 of
 []


Overfull \hbox (15.00005pt too wide) in paragraph at lines 11--12
 \OT1/cmr/m/sl/10 186
 []


Overfull \hbox (35.88896pt too wide) in paragraph at lines 11--12
 \OT1/cmr/m/sl/10 patents)
 []

! Missing } inserted.
<inserted text> 
                }
l.12 \end{flushright}
                     
I've inserted something that you may have forgotten.
(See the <inserted text> above.)
With luck, this will get me unwedged. But if you
really didn't forget anything, try typing `2' now; then
my insertion and my current dilemma will both disappear.

! Undefined control sequence.
l.22 \chapter
             *{Acknowledgements}
The control sequence at the end of the top line
of your error message was never \def'ed. If you have
misspelled it (e.g., `\hobx'), type `I' and the correct
spelling (e.g., `I\hbox'). Otherwise just continue,
and I'll forget about whatever was undefined.

Missing character: There is no * in font nullfont!
Missing character: There is no A in font nullfont!
Missing character: There is no c in font nullfont!
Missing character: There is no k in font nullfont!
Missing character: There is no n in font nullfont!
Missing character: There is no o in font nullfont!
Missing character: There is no w in font nullfont!
Missing character: There is no l in font nullfont!
Missing character: There is no e in font nullfont!
Missing character: There is no d in font nullfont!
Missing character: There is no g in font nullfont!
Missing character: There is no e in font nullfont!
Missing character: There is no m in font nullfont!
Missing character: There is no e in font nullfont!
Missing character: There is no n in font nullfont!
Missing character: There is no t in font nullfont!
Missing character: There is no s in font nullfont!
Missing character: There is no I in font nullfont!
Missing character: There is no e in font nullfont!
Missing character: There is no x in font nullfont!
Missing character: There is no p in font nullfont!
Missing character: There is no r in font nullfont!
Missing character: There is no e in font nullfont!
Missing character: There is no s in font nullfont!
Missing character: There is no s in font nullfont!
Missing character: There is no m in font nullfont!
Missing character: There is no y in font nullfont!
Missing character: There is no s in font nullfont!
Missing character: There is no i in font nullfont!
Missing character: There is no n in font nullfont!
Missing character: There is no c in font nullfont!
Missing character: There is no e in font nullfont!
Missing character: There is no r in font nullfont!
Missing character: There is no e in font nullfont!
Missing character: There is no g in font nullfont!
Missing character: There is no r in font nullfont!
Missing character: There is no a in font nullfont!
Missing character: There is no t in font nullfont!
Missing character: There is no i in font nullfont!
Missing character: There is no t in font nullfont!
Missing character: There is no u in font nullfont!
Missing character: There is no d in font nullfont!
Missing character: There is no e in font nullfont!
Missing character: There is no t in font nullfont!
Missing character: There is no o in font nullfont!
Missing character: There is no o in font nullfont!
Missing character: There is no u in font nullfont!
Missing character: There is no r in font nullfont!
Missing character: There is no p in font nullfont!
Missing character: There is no r in font nullfont!
Missing character: There is no o in font nullfont!
Missing character: There is no f in font nullfont!
Missing character: There is no e in font nullfont!
Missing character: There is no s in font nullfont!
Missing character: There is no s in font nullfont!
Missing character: There is no o in font nullfont!
Missing character: There is no r in font nullfont!
Missing character: There is no s in font nullfont!
Missing character: There is no , in font nullfont!
! Undefined control sequence.
l.23 ...ncere gratitude to our professors, \myProf
                                                   and \myOtherProf for brin...
The control sequence at the end of the top line
of your error message was never \def'ed. If you have
misspelled it (e.g., `\hobx'), type `I' and the correct
spelling (e.g., `I\hbox'). Otherwise just continue,
and I'll forget about whatever was undefined.

Missing character: There is no a in font nullfont!
Missing character: There is no n in font nullfont!
Missing character: There is no d in font nullfont!
! Undefined control sequence.
l.23 ...o our professors, \myProf and \myOtherProf
                                                   for bringing the subject ...
The control sequence at the end of the top line
of your error message was never \def'ed. If you have
misspelled it (e.g., `\hobx'), type `I' and the correct
spelling (e.g., `I\hbox'). Otherwise just continue,
and I'll forget about whatever was undefined.

Missing character: There is no f in font nullfont!
Missing character: There is no o in font nullfont!
Missing character: There is no r in font nullfont!
Missing character: There is no b in font nullfont!
Missing character: There is no r in font nullfont!
Missing character: There is no i in font nullfont!
Missing character: There is no n in font nullfont!
Missing character: There is no g in font nullfont!
Missing character: There is no i in font nullfont!
Missing character: There is no n in font nullfont!
Missing character: There is no g in font nullfont!
Missing character: There is no t in font nullfont!
Missing character: There is no h in font nullfont!
Missing character: There is no e in font nullfont!
Missing character: There is no s in font nullfont!
Missing character: There is no u in font nullfont!
Missing character: There is no b in font nullfont!
Missing character: There is no j in font nullfont!
Missing character: There is no e in font nullfont!
Missing character: There is no c in font nullfont!
Missing character: There is no t in font nullfont!
Missing character: There is no t in font nullfont!
Missing character: There is no o in font nullfont!
Missing character: There is no l in font nullfont!
Missing character: There is no i in font nullfont!
Missing character: There is no f in font nullfont!
Missing character: There is no e in font nullfont!
Missing character: There is no a in font nullfont!
Missing character: There is no n in font nullfont!
Missing character: There is no d in font nullfont!
Missing character: There is no h in font nullfont!
Missing character: There is no e in font nullfont!
Missing character: There is no l in font nullfont!
Missing character: There is no p in font nullfont!
Missing character: There is no i in font nullfont!
Missing character: There is no n in font nullfont!
Missing character: There is no g in font nullfont!
Missing character: There is no u in font nullfont!
Missing character: There is no s in font nullfont!
Missing character: There is no d in font nullfont!
Missing character: There is no i in font nullfont!
Missing character: There is no s in font nullfont!
Missing character: There is no c in font nullfont!
Missing character: There is no o in font nullfont!
Missing character: There is no v in font nullfont!
Missing character: There is no e in font nullfont!
Missing character: There is no r in font nullfont!
Missing character: There is no , in font nullfont!
Missing character: There is no i in font nullfont!
Missing character: There is no n in font nullfont!
Missing character: There is no d in font nullfont!
Missing character: There is no e in font nullfont!
Missing character: There is no p in font nullfont!
Missing character: There is no t in font nullfont!
Missing character: There is no h in font nullfont!
Missing character: There is no , in font nullfont!
Missing character: There is no t in font nullfont!
Missing character: There is no h in font nullfont!
Missing character: There is no e in font nullfont!
Missing character: There is no s in font nullfont!
Missing character: There is no c in font nullfont!
Missing character: There is no i in font nullfont!
Missing character: There is no e in font nullfont!
Missing character: There is no n in font nullfont!
Missing character: There is no c in font nullfont!
Missing character: There is no e in font nullfont!
Missing character: There is no b in font nullfont!
Missing character: There is no e in font nullfont!
Missing character: There is no h in font nullfont!
Missing character: There is no i in font nullfont!
Missing character: There is no n in font nullfont!
Missing character: There is no d in font nullfont!
Missing character: There is no p in font nullfont!
Missing character: There is no r in font nullfont!
Missing character: There is no o in font nullfont!
Missing character: There is no c in font nullfont!
Missing character: There is no e in font nullfont!
Missing character: There is no d in font nullfont!
Missing character: There is no u in font nullfont!
Missing character: There is no r in font nullfont!
Missing character: There is no e in font nullfont!
Missing character: There is no s in font nullfont!
Missing character: There is no . in font nullfont!
Missing character: There is no I in font nullfont!
Missing character: There is no a in font nullfont!
Missing character: There is no l in font nullfont!
Missing character: There is no s in font nullfont!
Missing character: There is no o in font nullfont!
Missing character: There is no t in font nullfont!
Missing character: There is no h in font nullfont!
Missing character: There is no a in font nullfont!
Missing character: There is no n in font nullfont!
Missing character: There is no k in font nullfont!
Missing character: There is no V in font nullfont!
Missing character: There is no i in font nullfont!
Missing character: There is no v in font nullfont!
Missing character: There is no e in font nullfont!
Missing character: There is no k in font nullfont!
Missing character: There is no S in font nullfont!
Missing character: There is no a in font nullfont!
Missing character: There is no g in font nullfont!
Missing character: There is no a in font nullfont!
Missing character: There is no r in font nullfont!
Missing character: There is no ( in font nullfont!
Missing character: There is no M in font nullfont!
Missing character: There is no S in font nullfont!
Missing character: There is no 1 in font nullfont!
Missing character: There is no 1 in font nullfont!
Missing character: There is no 0 in font nullfont!
Missing character: There is no 1 in font nullfont!
Missing character: There is no 7 in font nullfont!
Missing character: There is no ) in font nullfont!
Missing character: There is no f in font nullfont!
Missing character: There is no o in font nullfont!
Missing character: There is no r in font nullfont!
Missing character: There is no h in font nullfont!
Missing character: There is no i in font nullfont!
Missing character: There is no s in font nullfont!
Missing character: There is no c in font nullfont!
Missing character: There is no o in font nullfont!
Missing character: There is no n in font nullfont!
Missing character: There is no t in font nullfont!
Missing character: There is no r in font nullfont!
Missing character: There is no i in font nullfont!
Missing character: There is no b in font nullfont!
Missing character: There is no u in font nullfont!
Missing character: There is no t in font nullfont!
Missing character: There is no i in font nullfont!
Missing character: There is no o in font nullfont!
Missing character: There is no n in font nullfont!
Missing character: There is no t in font nullfont!
Missing character: There is no o in font nullfont!
Missing character: There is no t in font nullfont!
Missing character: There is no h in font nullfont!
Missing character: There is no i in font nullfont!
Missing character: There is no s in font nullfont!
Missing character: There is no r in font nullfont!
Missing character: There is no e in font nullfont!
Missing character: There is no p in font nullfont!
Missing character: There is no o in font nullfont!
Missing character: There is no r in font nullfont!
Missing character: There is no t in font nullfont!
Missing character: There is no a in font nullfont!
Missing character: There is no s in font nullfont!
Missing character: There is no m in font nullfont!
Missing character: There is no y in font nullfont!
Missing character: There is no l in font nullfont!
Missing character: There is no a in font nullfont!
Missing character: There is no b in font nullfont!
Missing character: There is no - in font nullfont!
Missing character: There is no p in font nullfont!
Missing character: There is no a in font nullfont!
Missing character: There is no r in font nullfont!
Missing character: There is no t in font nullfont!
Missing character: There is no n in font nullfont!
Missing character: There is no e in font nullfont!
Missing character: There is no r in font nullfont!
Missing character: There is no , in font nullfont!
Missing character: There is no w in font nullfont!
Missing character: There is no h in font nullfont!
Missing character: There is no o in font nullfont!
Missing character: There is no m in font nullfont!
Missing character: There is no a in font nullfont!
Missing character: There is no d in font nullfont!
Missing character: There is no e in font nullfont!
Missing character: There is no t in font nullfont!
Missing character: There is no h in font nullfont!
Missing character: There is no e in font nullfont!
Missing character: There is no t in font nullfont!
Missing character: There is no a in font nullfont!
Missing character: There is no s in font nullfont!
Missing character: There is no k in font nullfont!
Missing character: 