The system is: Linux - 3.2.29-smp - i686
Compiling the C compiler identification source file "CMakeCCompilerId.c" succeeded.
Compiler: /usr/bin/gcc 
Build flags: 
Id flags: 

The output was:
0


Compilation of the C compiler identification source "CMakeCCompilerId.c" produced "a.out"

The C compiler identification is GNU, found in "/home/atul/IISER_repo/Summers_2013/NPL/latticeAnalyser/ExperimentsWithCMake/build/CMakeFiles/CompilerIdC/a.out"

Compiling the CXX compiler identification source file "CMakeCXXCompilerId.cpp" succeeded.
Compiler: /usr/bin/c++ 
Build flags: 
Id flags: 

The output was:
0


Compilation of the CXX compiler identification source "CMakeCXXCompilerId.cpp" produced "a.out"

The CXX compiler identification is GNU, found in "/home/atul/IISER_repo/Summers_2013/NPL/latticeAnalyser/ExperimentsWithCMake/build/CMakeFiles/CompilerIdCXX/a.out"

Determining if the C compiler works passed with the following output:
Change Dir: /home/atul/IISER_repo/Summers_2013/NPL/latticeAnalyser/ExperimentsWithCMake/build/CMakeFiles/CMakeTmp

Run Build Command:/usr/bin/gmake "cmTryCompileExec3688555494/fast"
/usr/bin/gmake -f CMakeFiles/cmTryCompileExec3688555494.dir/build.make CMakeFiles/cmTryCompileExec3688555494.dir/build
gmake[1]: Entering directory `/home/atul/IISER_repo/Summers_2013/NPL/latticeAnalyser/ExperimentsWithCMake/build/CMakeFiles/CMakeTmp'
/usr/bin/cmake -E cmake_progress_report /home/atul/IISER_repo/Summers_2013/NPL/latticeAnalyser/ExperimentsWithCMake/build/CMakeFiles/CMakeTmp/CMakeFiles 1
Building C object CMakeFiles/cmTryCompileExec3688555494.dir/testCCompiler.c.o
/usr/bin/gcc    -o CMakeFiles/cmTryCompileExec3688555494.dir/testCCompiler.c.o   -c /home/atul/IISER_repo/Summers_2013/NPL/latticeAnalyser/ExperimentsWithCMake/build/CMakeFiles/CMakeTmp/testCCompiler.c
Linking C executable cmTryCompileExec3688555494
/usr/bin/cmake -E cmake_link_script CMakeFiles/cmTryCompileExec3688555494.dir/link.txt --verbose=1
/usr/bin/gcc         CMakeFiles/cmTryCompileExec3688555494.dir/testCCompiler.c.o  -o cmTryCompileExec3688555494 -rdynamic 
gmake[1]: Leaving directory `/home/atul/IISER_repo/Summers_2013/NPL/latticeAnalyser/ExperimentsWithCMake/build/CMakeFiles/CMakeTmp'


Detecting C compiler ABI info compiled with the following output:
Change Dir: /home/atul/IISER_repo/Summers_2013/NPL/latticeAnalyser/ExperimentsWithCMake/build/CMakeFiles/CMakeTmp

Run Build Command:/usr/bin/gmake "cmTryCompileExec3566010918/fast"
/usr/bin/gmake -f CMakeFiles/cmTryCompileExec3566010918.dir/build.make CMakeFiles/cmTryCompileExec3566010918.dir/build
gmake[1]: Entering directory `/home/atul/IISER_repo/Summers_2013/NPL/latticeAnalyser/ExperimentsWithCMake/build/CMakeFiles/CMakeTmp'
/usr/bin/cmake -E cmake_progress_report /home/atul/IISER_repo/Summers_2013/NPL/latticeAnalyser/ExperimentsWithCMake/build/CMakeFiles/CMakeTmp/CMakeFiles 1
Building C object CMakeFiles/cmTryCompileExec3566010918.dir/CMakeCCompilerABI.c.o
/usr/bin/gcc    -o CMakeFiles/cmTryCompileExec3566010918.dir/CMakeCCompilerABI.c.o   -c /usr/share/cmake-2.8/Modules/CMakeCCompilerABI.c
Linking C executable cmTryCompileExec3566010918
/usr/bin/cmake -E cmake_link_script CMakeFiles/cmTryCompileExec3566010918.dir/link.txt --verbose=1
/usr/bin/gcc       -v CMakeFiles/cmTryCompileExec3566010918.dir/CMakeCCompilerABI.c.o  -o cmTryCompileExec3566010918 -rdynamic  
Reading specs from /usr/lib/gcc/i486-slackware-linux/4.7.1/specs
COLLECT_GCC=/usr/bin/gcc
COLLECT_LTO_WRAPPER=/usr/libexec/gcc/i486-slackware-linux/4.7.1/lto-wrapper
Target: i486-slackware-linux
Configured with: ../gcc-4.7.1/configure --prefix=/usr --libdir=/usr/lib --mandir=/usr/man --infodir=/usr/info --enable-shared --enable-bootstrap --enable-languages=ada,c,c++,fortran,go,java,lto,objc --enable-threads=posix --enable-checking=release --enable-objc-gc --with-system-zlib --with-python-dir=/lib/python2.7/site-packages --disable-libunwind-exceptions --enable-__cxa_atexit --enable-libssp --enable-lto --with-gnu-ld --verbose --enable-java-home --with-java-home=/usr/lib/jvm/jre --with-jvm-root-dir=/usr/lib/jvm --with-jvm-jar-dir=/usr/lib/jvm/jvm-exports --with-arch-directory=i386 --with-antlr-jar=/root/slackware-current/source/d/gcc/antlr-runtime-3.4.jar --enable-java-awt=gtk --disable-gtktest --with-arch=i486 --target=i486-slackware-linux --build=i486-slackware-linux --host=i486-slackware-linux
Thread model: posix
gcc version 4.7.1 (GCC) 
COMPILER_PATH=/usr/libexec/gcc/i486-slackware-linux/4.7.1/:/usr/libexec/gcc/i486-slackware-linux/4.7.1/:/usr/libexec/gcc/i486-slackware-linux/:/usr/lib/gcc/i486-slackware-linux/4.7.1/:/usr/lib/gcc/i486-slackware-linux/:/usr/lib/gcc/i486-slackware-linux/4.7.1/../../../../i486-slackware-linux/bin/
LIBRARY_PATH=/usr/lib/gcc/i486-slackware-linux/4.7.1/:/usr/lib/gcc/i486-slackware-linux/4.7.1/../../../../i486-slackware-linux/lib/:/usr/lib/gcc/i486-slackware-linux/4.7.1/../../../:/lib/:/usr/lib/
COLLECT_GCC_OPTIONS='-v' '-o' 'cmTryCompileExec3566010918' '-rdynamic' '-mtune=i486' '-march=i486'
 /usr/libexec/gcc/i486-slackware-linux/4.7.1/collect2 --eh-frame-hdr -m elf_i386 -export-dynamic -dynamic-linker /lib/ld-linux.so.2 -o cmTryCompileExec3566010918 /usr/lib/gcc/i486-slackware-linux/4.7.1/../../../crt1.o /usr/lib/gcc/i486-slackware-linux/4.7.1/../../../crti.o /usr/lib/gcc/i486-slackware-linux/4.7.1/crtbegin.o -L/usr/lib/gcc/i486-slackware-linux/4.7.1 -L/usr/lib/gcc/i486-slackware-linux/4.7.1/../../../../i486-slackware-linux/lib -L/usr/lib/gcc/i486-slackware-linux/4.7.1/../../.. CMakeFiles/cmTryCompileExec3566010918.dir/CMakeCCompilerABI.c.o -lgcc --as-needed -lgcc_s --no-as-needed -lc -lgcc --as-needed -lgcc_s --no-as-needed /usr/lib/gcc/i486-slackware-linux/4.7.1/crtend.o /usr/lib/gcc/i486-slackware-linux/4.7.1/../../../crtn.o
gmake[1]: Leaving directory `/home/atul/IISER_repo/Summers_2013/NPL/latticeAnalyser/ExperimentsWithCMake/build/CMakeFiles/CMakeTmp'


Parsed C implicit link information from above output:
  link line regex: [^( *|.*[/\])(ld|ld|collect2)[^/\]*( |$)]
  ignore line: [Change Dir: /home/atul/IISER_repo/Summers_2013/NPL/latticeAnalyser/ExperimentsWithCMake/build/CMakeFiles/CMakeTmp]
  ignore line: []
  ignore line: [Run Build Command:/usr/bin/gmake "cmTryCompileExec3566010918/fast"]
  ignore line: [/usr/bin/gmake -f CMakeFiles/cmTryCompileExec3566010918.dir/build.make CMakeFiles/cmTryCompileExec3566010918.dir/build]
  ignore line: [gmake[1]: Entering directory `/home/atul/IISER_repo/Summers_2013/NPL/latticeAnalyser/ExperimentsWithCMake/build/CMakeFiles/CMakeTmp']
  ignore line: [/usr/bin/cmake -E cmake_progress_report /home/atul/IISER_repo/Summers_2013/NPL/latticeAnalyser/ExperimentsWithCMake/build/CMakeFiles/CMakeTmp/CMakeFiles 1]
  ignore line: [Building C object CMakeFiles/cmTryCompileExec3566010918.dir/CMakeCCompilerABI.c.o]
  ignore line: [/usr/bin/gcc    -o CMakeFiles/cmTryCompileExec3566010918.dir/CMakeCCompilerABI.c.o   -c /usr/share/cmake-2.8/Modules/CMakeCCompilerABI.c]
  ignore line: [Linking C executable cmTryCompileExec3566010918]
  ignore line: [/usr/bin/cmake -E cmake_link_script CMakeFiles/cmTryCompileExec3566010918.dir/link.txt --verbose=1]
  ignore line: [/usr/bin/gcc       -v CMakeFiles/cmTryCompileExec3566010918.dir/CMakeCCompilerABI.c.o  -o cmTryCompileExec3566010918 -rdynamic  ]
  ignore line: [Reading specs from /usr/lib/gcc/i486-slackware-linux/4.7.1/specs]
  ignore line: [COLLECT_GCC=/usr/bin/gcc]
  ignore line: [COLLECT_LTO_WRAPPER=/usr/libexec/gcc/i486-slackware-linux/4.7.1/lto-wrapper]
  ignore line: [Target: i486-slackware-linux]
  ignore line: [Configured with: ../gcc-4.7.1/configure --prefix=/usr --libdir=/usr/lib --mandir=/usr/man --infodir=/usr/info --enable-shared --enable-bootstrap --enable-languages=ada,c,c++,fortran,go,java,lto,objc --enable-threads=posix --enable-checking=release --enable-objc-gc --with-system-zlib --with-python-dir=/lib/python2.7/site-packages --disable-libunwind-exceptions --enable-__cxa_atexit --enable-libssp --enable-lto --with-gnu-ld --verbose --enable-java-home --with-java-home=/usr/lib/jvm/jre --with-jvm-root-dir=/usr/lib/jvm --with-jvm-jar-dir=/usr/lib/jvm/jvm-exports --with-arch-directory=i386 --with-antlr-jar=/root/slackware-current/source/d/gcc/antlr-runtime-3.4.jar --enable-java-awt=gtk --disable-gtktest --with-arch=i486 --target=i486-slackware-linux --build=i486-slackware-linux --host=i486-slackware-linux]
  ignore line: [Thread model: posix]
  ignore line: [gcc version 4.7.1 (GCC) ]
  ignore line: [COMPILER_PATH=/usr/libexec/gcc/i486-slackware-linux/4.7.1/:/usr/libexec/gcc/i486-slackware-linux/4.7.1/:/usr/libexec/gcc/i486-slackware-linux/:/usr/lib/gcc/i486-slackware-linux/4.7.1/:/usr/lib/gcc/i486-slackware-linux/:/usr/lib/gcc/i486-slackware-linux/4.7.1/../../../../i486-slackware-linux/bin/]
  ignore line: [LIBRARY_PATH=/usr/lib/gcc/i486-slackware-linux/4.7.1/:/usr/lib/gcc/i486-slackware-linux/4.7.1/../../../../i486-slackware-linux/lib/:/usr/lib/gcc/i486-slackware-linux/4.7.1/../../../:/lib/:/usr/lib/]
  ignore line: [COLLECT_GCC_OPTIONS='-v' '-o' 'cmTryCompileExec3566010918' '-rdynamic' '-mtune=i486' '-march=i486']
  link line: [ /usr/libexec/gcc/i486-slackware-linux/4.7.1/collect2 --eh-frame-hdr -m elf_i386 -export-dynamic -dynamic-linker /lib/ld-linux.so.2 -o cmTryCompileExec3566010918 /usr/lib/gcc/i486-slackware-linux/4.7.1/../../../crt1.o /usr/lib/gcc/i486-slackware-linux/4.7.1/../../../crti.o /usr/lib/gcc/i486-slackware-linux/4.7.1/crtbegin.o -L/usr/lib/gcc/i486-slackware-linux/4.7.1 -L/usr/lib/gcc/i486-slackware-linux/4.7.1/../../../../i486-slackware-linux/lib -L/usr/lib/gcc/i486-slackware-linux/4.7.1/../../.. CMakeFiles/cmTryCompileExec3566010918.dir/CMakeCCompilerABI.c.o -lgcc --as-needed -lgcc_s --no-as-needed -lc -lgcc --as-needed -lgcc_s --no-as-needed /usr/lib/gcc/i486-slackware-linux/4.7.1/crtend.o /usr/lib/gcc/i486-slackware-linux/4.7.1/../../../crtn.o]
    arg [/usr/libexec/gcc/i486-slackware-linux/4.7.1/collect2] ==> ignore
    arg [--eh-frame-hdr] ==> ignore
    arg [-m] ==> ignore
    arg [elf_i386] ==> ignore
    arg [-export-dynamic] ==> ignore
    arg [-dynamic-linker] ==> ignore
    arg [/lib/ld-linux.so.2] ==> ignore
    arg [-o] ==> ignore
    arg [cmTryCompileExec3566010918] ==> ignore
    arg [/usr/lib/gcc/i486-slackware-linux/4.7.1/../../../crt1.o] ==> ignore
    arg [/usr/lib/gcc/i486-slackware-linux/4.7.1/../../../crti.o] ==> ignore
    arg [/usr/lib/gcc/i486-slackware-linux/4.7.1/crtbegin.o] ==> ignore
    arg [-L/usr/lib/gcc/i486-slackware-linux/4.7.1] ==> dir [/usr/lib/gcc/i486-slackware-linux/4.7.1]
    arg [-L/usr/lib/gcc/i486-slackware-linux/4.7.1/../../../../i486-slackware-linux/lib] ==> dir [/usr/lib/gcc/i486-slackware-linux/4.7.1/../../../../i486-slackware-linux/lib]
    arg [-L/usr/lib/gcc/i486-slackware-linux/4.7.1/../../..] ==> dir [/usr/lib/gcc/i486-slackware-linux/4.7.1/../../..]
    arg [CMakeFiles/cmTryCompileExec3566010918.dir/CMakeCCompilerABI.c.o] ==> ignore
    arg [-lgcc] ==> lib [gcc]
    arg [--as-needed] ==> ignore
    arg [-lgcc_s] ==> lib [gcc_s]
    arg [--no-as-needed] ==> ignore
    arg [-lc] ==> lib [c]
    arg [-lgcc] ==> lib [gcc]
    arg [--as-needed] ==> ignore
    arg [-lgcc_s] ==> lib [gcc_s]
    arg [--no-as-needed] ==> ignore
    arg [/usr/lib/gcc/i486-slackware-linux/4.7.1/crtend.o] ==> ignore
    arg [/usr/lib/gcc/i486-slackware-linux/4.7.1/../../../crtn.o] ==> ignore
  remove lib [gcc]
  remove lib [gcc_s]
  remove lib [gcc]
  remove lib [gcc_s]
  collapse dir [/usr/lib/gcc/i486-slackware-linux/4.7.1] ==> [/usr/lib/gcc/i486-slackware-linux/4.7.1]
  collapse dir [/usr/lib/gcc/i486-slackware-linux/4.7.1/../../../../i486-slackware-linux/lib] ==> [/usr/i486-slackware-linux/lib]
  collapse dir [/usr/lib/gcc/i486-slackware-linux/4.7.1/../../..] ==> [/usr/lib]
  implicit libs: [c]
  implicit dirs: [/usr/lib/gcc/i486-slackware-linux/4.7.1;/usr/i486-slackware-linux/lib;/usr/lib]


Determining if the CXX compiler works passed with the following output:
Change Dir: /home/atul/IISER_repo/Summers_2013/NPL/latticeAnalyser/ExperimentsWithCMake/build/CMakeFiles/CMakeTmp

Run Build Command:/usr/bin/gmake "cmTryCompileExec1133853918/fast"
/usr/bin/gmake -f CMakeFiles/cmTryCompileExec1133853918.dir/build.make CMakeFiles/cmTryCompileExec1133853918.dir/build
gmake[1]: Entering directory `/home/atul/IISER_repo/Summers_2013/NPL/latticeAnalyser/ExperimentsWithCMake/build/CMakeFiles/CMakeTmp'
/usr/bin/cmake -E cmake_progress_report /home/atul/IISER_repo/Summers_2013/NPL/latticeAnalyser/ExperimentsWithCMake/build/CMakeFiles/CMakeTmp/CMakeFiles 1
Building CXX object CMakeFiles/cmTryCompileExec1133853918.dir/testCXXCompiler.cxx.o
/usr/bin/c++     -o CMakeFiles/cmTryCompileExec1133853918.dir/testCXXCompiler.cxx.o -c /home/atul/IISER_repo/Summers_2013/NPL/latticeAnalyser/ExperimentsWithCMake/build/CMakeFiles/CMakeTmp/testCXXCompiler.cxx
Linking CXX executable cmTryCompileExec1133853918
/usr/bin/cmake -E cmake_link_script CMakeFiles/cmTryCompileExec1133853918.dir/link.txt --verbose=1
/usr/bin/c++          CMakeFiles/cmTryCompileExec1133853918.dir/testCXXCompiler.cxx.o  -o cmTryCompileExec1133853918 -rdynamic 
gmake[1]: Leaving directory `/home/atul/IISER_repo/Summers_2013/NPL/latticeAnalyser/ExperimentsWithCMake/build/CMakeFiles/CMakeTmp'


Detecting CXX compiler ABI info compiled with the following output:
Change Dir: /home/atul/IISER_repo/Summers_2013/NPL/latticeAnalyser/ExperimentsWithCMake/build/CMakeFiles/CMakeTmp

Run Build Command:/usr/bin/gmake "cmTryCompileExec2558740959/fast"
/usr/bin/gmake -f CMakeFiles/cmTryCompileExec2558740959.dir/build.make CMakeFiles/cmTryCompileExec2558740959.dir/build
gmake[1]: Entering directory `/home/atul/IISER_repo/Summers_2013/NPL/latticeAnalyser/ExperimentsWithCMake/build/CMakeFiles/CMakeTmp'
/usr/bin/cmake -E cmake_progress_report /home/atul/IISER_repo/Summers_2013/NPL/latticeAnalyser/ExperimentsWithCMake/build/CMakeFiles/CMakeTmp/CMakeFiles 1
Building CXX object CMakeFiles/cmTryCompileExec2558740959.dir/CMakeCXXCompilerABI.cpp.o
/usr/bin/c++     -o CMakeFiles/cmTryCompileExec2558740959.dir/CMakeCXXCompilerABI.cpp.o -c /usr/share/cmake-2.8/Modules/CMakeCXXCompilerABI.cpp
Linking CXX executable cmTryCompileExec2558740959
/usr/bin/cmake -E cmake_link_script CMakeFiles/cmTryCompileExec2558740959.dir/link.txt --verbose=1
/usr/bin/c++        -v CMakeFiles/cmTryCompileExec2558740959.dir/CMakeCXXCompilerABI.cpp.o  -o cmTryCompileExec2558740959 -rdynamic  
Reading specs from /usr/lib/gcc/i486-slackware-linux/4.7.1/specs
COLLECT_GCC=/usr/bin/c++
COLLECT_LTO_WRAPPER=/usr/libexec/gcc/i486-slackware-linux/4.7.1/lto-wrapper
Target: i486-slackware-linux
Configured with: ../gcc-4.7.1/configure --prefix=/usr --libdir=/usr/lib --mandir=/usr/man --infodir=/usr/info --enable-shared --enable-bootstrap --enable-languages=ada,c,c++,fortran,go,java,lto,objc --enable-threads=posix --enable-checking=release --enable-objc-gc --with-system-zlib --with-python-dir=/lib/python2.7/site-packages --disable-libunwind-exceptions --enable-__cxa_atexit --enable-libssp --enable-lto --with-gnu-ld --verbose --enable-java-home --with-java-home=/usr/lib/jvm/jre --with-jvm-root-dir=/usr/lib/jvm --with-jvm-jar-dir=/usr/lib/jvm/jvm-exports --with-arch-directory=i386 --with-antlr-jar=/root/slackware-current/source/d/gcc/antlr-runtime-3.4.jar --enable-java-awt=gtk --disable-gtktest --with-arch=i486 --target=i486-slackware-linux --build=i486-slackware-linux --host=i486-slackware-linux
Thread model: posix
gcc version 4.7.1 (GCC) 
COMPILER_PATH=/usr/libexec/gcc/i486-slackware-linux/4.7.1/:/usr/libexec/gcc/i486-slackware-linux/4.7.1/:/usr/libexec/gcc/i486-slackware-linux/:/usr/lib/gcc/i486-slackware-linux/4.7.1/:/usr/lib/gcc/i486-slackware-linux/:/usr/lib/gcc/i486-slackware-linux/4.7.1/../../../../i486-slackware-linux/bin/
LIBRARY_PATH=/usr/lib/gcc/i486-slackware-linux/4.7.1/:/usr/lib/gcc/i486-slackware-linux/4.7.1/../../../../i486-slackware-linux/lib/:/usr/lib/gcc/i486-slackware-linux/4.7.1/../../../:/lib/:/usr/lib/
COLLECT_GCC_OPTIONS='-v' '-o' 'cmTryCompileExec2558740959' '-rdynamic' '-shared-libgcc' '-mtune=i486' '-march=i486'
 /usr/libexec/gcc/i486-slackware-linux/4.7.1/collect2 --eh-frame-hdr -m elf_i386 -export-dynamic -dynamic-linker /lib/ld-linux.so.2 -o cmTryCompileExec2558740959 /usr/lib/gcc/i486-slackware-linux/4.7.1/../../../crt1.o /usr/lib/gcc/i486-slackware-linux/4.7.1/../../../crti.o /usr/lib/gcc/i486-slackware-linux/4.7.1/crtbegin.o -L/usr/lib/gcc/i486-slackware-linux/4.7.1 -L/usr/lib/gcc/i486-slackware-linux/4.7.1/../../../../i486-slackware-linux/lib -L/usr/lib/gcc/i486-slackware-linux/4.7.1/../../.. CMakeFiles/cmTryCompileExec2558740959.dir/CMakeCXXCompilerABI.cpp.o -lstdc++ -lm -lgcc_s -lgcc -lc -lgcc_s -lgcc /usr/lib/gcc/i486-slackware-linux/4.7.1/crtend.o /usr/lib/gcc/i486-slackware-linux/4.7.1/../../../crtn.o
gmake[1]: Leaving directory `/home/atul/IISER_repo/Summers_2013/NPL/latticeAnalyser/ExperimentsWithCMake/build/CMakeFiles/CMakeTmp'


Parsed CXX implicit link information from above output:
  link line regex: [^( *|.*[/\])(ld|ld|collect2)[^/\]*( |$)]
  ignore line: [Change Dir: /home/atul/IISER_repo/Summers_2013/NPL/latticeAnalyser/ExperimentsWithCMake/build/CMakeFiles/CMakeTmp]
  ignore line: []
  ignore line: [Run Build Command:/usr/bin/gmake "cmTryCompileExec2558740959/fast"]
  ignore line: [/usr/bin/gmake -f CMakeFiles/cmTryCompileExec2558740959.dir/build.make CMakeFiles/cmTryCompileExec2558740959.dir/build]
  ignore line: [gmake[1]: Entering directory `/home/atul/IISER_repo/Summers_2013/NPL/latticeAnalyser/ExperimentsWithCMake/build/CMakeFiles/CMakeTmp']
  ignore line: [/usr/bin/cmake -E cmake_progress_report /home/atul/IISER_repo/Summers_2013/NPL/latticeAnalyser/ExperimentsWithCMake/build/CMakeFiles/CMakeTmp/CMakeFiles 1]
  ignore line: [Building CXX object CMakeFiles/cmTryCompileExec2558740959.dir/CMakeCXXCompilerABI.cpp.o]
  ignore line: [/usr/bin/c++     -o CMakeFiles/cmTryCompileExec2558740959.dir/CMakeCXXCompilerABI.cpp.o -c /usr/share/cmake-2.8/Modules/CMakeCXXCompilerABI.cpp]
  ignore line: [Linking CXX executable cmTryCompileExec2558740959]
  ignore line: [/usr/bin/cmake -E cmake_link_script CMakeFiles/cmTryCompileExec2558740959.dir/link.txt --verbose=1]
  ignore line: [/usr/bin/c++        -v CMakeFiles/cmTryCompileExec2558740959.dir/CMakeCXXCompilerABI.cpp.o  -o cmTryCompileExec2558740959 -rdynamic  ]
  ignore line: [Reading specs from /usr/lib/gcc/i486-slackware-linux/4.7.1/specs]
  ignore line: [COLLECT_GCC=/usr/bin/c++]
  ignore line: [COLLECT_LTO_WRAPPER=/usr/libexec/gcc/i486-slackware-linux/4.7.1/lto-wrapper]
  ignore line: [Target: i486-slackware-linux]
  ignore line: [Configured with: ../gcc-4.7.1/configure --prefix=/usr --libdir=/usr/lib --mandir=/usr/man --infodir=/usr/info --enable-shared --enable-bootstrap --enable-languages=ada,c,c++,fortran,go,java,lto,objc --enable-threads=posix --enable-checking=release --enable-objc-gc --with-system-zlib --with-python-dir=/lib/python2.7/site-packages --disable-libunwind-exceptions --enable-__cxa_atexit --enable-libssp --enable-lto --with-gnu-ld --verbose --enable-java-home --with-java-home=/usr/lib/jvm/jre --with-jvm-root-dir=/usr/lib/jvm --with-jvm-jar-dir=/usr/lib/jvm/jvm-exports --with-arch-directory=i386 --with-antlr-jar=/root/slackware-current/source/d/gcc/antlr-runtime-3.4.jar --enable-java-awt=gtk --disable-gtktest --with-arch=i486 --target=i486-slackware-linux --build=i486-slackware-linux --host=i486-slackware-linux]
  ignore line: [Thread model: posix]
  ignore line: [gcc version 4.7.1 (GCC) ]
  ignore line: [COMPILER_PATH=/usr/libexec/gcc/i486-slackware-linux/4.7.1/:/usr/libexec/gcc/i486-slackware-linux/4.7.1/:/usr/libexec/gcc/i486-slackware-linux/:/usr/lib/gcc/i486-slackware-linux/4.7.1/:/usr/lib/gcc/i486-slackware-linux/:/usr/lib/gcc/i486-slackware-linux/4.7.1/../../../../i486-slackware-linux/bin/]
  ignore line: [LIBRARY_PATH=/usr/lib/gcc/i486-slackware-linux/4.7.1/:/usr/lib/gcc/i486-slackware-linux/4.7.1/../../../../i486-slackware-linux/lib/:/usr/lib/gcc/i486-slackware-linux/4.7.1/../../../:/lib/:/usr/lib/]
  ignore line: [COLLECT_GCC_OPTIONS='-v' '-o' 'cmTryCompileExec2558740959' '-rdynamic' '-shared-libgcc' '-mtune=i486' '-march=i486']
  link line: [ /usr/libexec/gcc/i486-slackware-linux/4.7.1/collect2 --eh-frame-hdr -m elf_i386 -export-dynamic -dynamic-linker /lib/ld-linux.so.2 -o cmTryCompileExec2558740959 /usr/lib/gcc/i486-slackware-linux/4.7.1/../../../crt1.o /usr/lib/gcc/i486-slackware-linux/4.7.1/../../../crti.o /usr/lib/gcc/i486-slackware-linux/4.7.1/crtbegin.o -L/usr/lib/gcc/i486-slackware-linux/4.7.1 -L/usr/lib/gcc/i486-slackware-linux/4.7.1/../../../../i486-slackware-linux/lib -L/usr/lib/gcc/i486-slackware-linux/4.7.1/../../.. CMakeFiles/cmTryCompileExec2558740959.dir/CMakeCXXCompilerABI.cpp.o -lstdc++ -lm -lgcc_s -lgcc -lc -lgcc_s -lgcc /usr/lib/gcc/i486-slackware-linux/4.7.1/crtend.o /usr/lib/gcc/i486-slackware-linux/4.7.1/../../../crtn.o]
    arg [/usr/libexec/gcc/i486-slackware-linux/4.7.1/collect2] ==> ignore
    arg [--eh-frame-hdr] ==> ignore
    arg [-m] ==> ignore
    arg [elf_i386] ==> ignore
    arg [-export-dynamic] ==> ignore
    arg [-dynamic-linker] ==> ignore
    arg [/lib/ld-linux.so.2] ==> ignore
    arg [-o] ==> ignore
    arg [cmTryCompileExec2558740959] ==> ignore
    arg [/usr/lib/gcc/i486-slackware-linux/4.7.1/../../../crt1.o] ==> ignore
    arg [/usr/lib/gcc/i486-slackware-linux/4.7.1/../../../crti.o] ==> ignore
    arg [/usr/lib/gcc/i486-slackware-linux/4.7.1/crtbegin.o] ==> ignore
    arg [-L/usr/lib/gcc/i486-slackware-linux/4.7.1] ==> dir [/usr/lib/gcc/i486-slackware-linux/4.7.1]
    arg [-L/usr/lib/gcc/i486-slackware-linux/4.7.1/../../../../i486-slackware-linux/lib] ==> dir [/usr/lib/gcc/i486-slackware-linux/4.7.1/../../../../i486-slackware-linux/lib]
    arg [-L/usr/lib/gcc/i486-slackware-linux/4.7.1/../../..] ==> dir [/usr/lib/gcc/i486-slackware-linux/4.7.1/../../..]
    arg [CMakeFiles/cmTryCompileExec2558740959.dir/CMakeCXXCompilerABI.cpp.o] ==> ignore
    arg [-lstdc++] ==> lib [stdc++]
    arg [-lm] ==> lib [m]
    arg [-lgcc_s] ==> lib [gcc_s]
    arg [-lgcc] ==> lib [gcc]
    arg [-lc] ==> lib [c]
    arg [-lgcc_s] ==> lib [gcc_s]
    arg [-lgcc] ==> lib [gcc]
    arg [/usr/lib/gcc/i486-slackware-linux/4.7.1/crtend.o] ==> ignore
    arg [/usr/lib/gcc/i486-slackware-linux/4.7.1/../../../crtn.o] ==> ignore
  remove lib [gcc_s]
  remove lib [gcc]
  remove lib [gcc_s]
  remove lib [gcc]
  collapse dir [/usr/lib/gcc/i486-slackware-linux/4.7.1] ==> [/usr/lib/gcc/i486-slackware-linux/4.7.1]
  collapse dir [/usr/lib/gcc/i486-slackware-linux/4.7.1/../../../../i486-slackware-linux/lib] ==> [/usr/i486-slackware-linux/lib]
  collapse dir [/usr/lib/gcc/i486-slackware-linux/4.7.1/../../..] ==> [/usr/lib]
  implicit libs: [stdc++;m;c]
  implicit dirs: [/usr/lib/gcc/i486-slackware-linux/4.7.1;/usr/i486-slackware-linux/lib;/usr/lib]


