This is pdfTeX, Version 3.1415926-2.4-1.40.13 (MiKTeX 2.9 64-bit) (preloaded format=pdflatex 2013.5.19)  27 JUL 2013 03:35
entering extended mode
**C:/Users/Atul/Documents/gitHub/toAtulArora/dipoles/holyText/Report/latticeRep
ort.tex

(C:/Users/Atul/Documents/gitHub/toAtulArora/dipoles/holyText/Report/latticeRepo
rt.tex
LaTeX2e <2011/06/27>
Babel <v3.8m> and hyphenation patterns for english, afrikaans, ancientgreek, ar
abic, armenian, assamese, basque, bengali, bokmal, bulgarian, catalan, coptic, 
croatian, czech, danish, dutch, esperanto, estonian, farsi, finnish, french, ga
lician, german, german-x-2012-05-30, greek, gujarati, hindi, hungarian, iceland
ic, indonesian, interlingua, irish, italian, kannada, kurmanji, latin, latvian,
 lithuanian, malayalam, marathi, mongolian, mongolianlmc, monogreek, ngerman, n
german-x-2012-05-30, nynorsk, oriya, panjabi, pinyin, polish, portuguese, roman
ian, russian, sanskrit, serbian, slovak, slovenian, spanish, swedish, swissgerm
an, tamil, telugu, turkish, turkmen, ukenglish, ukrainian, uppersorbian, usengl
ishmax, welsh, loaded.
("C:\Program Files\MiKTeX 2.9\tex\latex\koma-script\scrreprt.cls"
Document Class: scrreprt 2012/07/29 v3.11b KOMA-Script document class (report)
("C:\Program Files\MiKTeX 2.9\tex\latex\koma-script\scrkbase.sty"
Package: scrkbase 2012/07/29 v3.11b KOMA-Script package (KOMA-Script-dependent 
basics and keyval usage)

("C:\Program Files\MiKTeX 2.9\tex\latex\koma-script\scrbase.sty"
Package: scrbase 2012/07/29 v3.11b KOMA-Script package (KOMA-Script-independent
 basics and keyval usage)

("C:\Program Files\MiKTeX 2.9\tex\latex\graphics\keyval.sty"
Package: keyval 1999/03/16 v1.13 key=value parser (DPC)
\KV@toks@=\toks14
)
("C:\Program Files\MiKTeX 2.9\tex\latex\koma-script\scrlfile.sty"
Package: scrlfile 2012/06/15 v3.12 KOMA-Script package (loading files)

Package scrlfile, 2012/06/15 v3.12 KOMA-Script package (loading files)
                  Copyright (C) Markus Kohm

))) ("C:\Program Files\MiKTeX 2.9\tex\latex\koma-script\tocbasic.sty"
Package: tocbasic 2012/04/04 v3.10b KOMA-Script package (handling toc-files)
)
Package tocbasic Info: omitting babel extension for `toc'
(tocbasic)             because of feature `nobabel' available
(tocbasic)             for `toc' on input line 117.
Package tocbasic Info: omitting babel extension for `lof'
(tocbasic)             because of feature `nobabel' available
(tocbasic)             for `lof' on input line 118.
Package tocbasic Info: omitting babel extension for `lot'
(tocbasic)             because of feature `nobabel' available
(tocbasic)             for `lot' on input line 119.
Class scrreprt Info: You've used standard option `openright'.
(scrreprt)           This is correct!
(scrreprt)           Internally I'm using `open=right'.
(scrreprt)           If you'd like to set the option with \KOMAoptions,
(scrreprt)           you'd have to use `open=right' there
(scrreprt)           instead of `openright', too.
Class scrreprt Info: You've used standard option `abstractoff'.
(scrreprt)           This is correct!
(scrreprt)           Internally I'm using `abstract=false'.
(scrreprt)           If you'd like to set the option with \KOMAoptions,
(scrreprt)           you'd have to use `abstract=false' there
(scrreprt)           instead of `abstractoff', too.
Class scrreprt Info: File `scrsize11pt.clo' used to setup font sizes on input l
ine 1367.

("C:\Program Files\MiKTeX 2.9\tex\latex\koma-script\scrsize11pt.clo"
File: scrsize11pt.clo 2012/07/29 v3.11b KOMA-Script font size class option (11p
t)
)
("C:\Program Files\MiKTeX 2.9\tex\latex\koma-script\typearea.sty"
Package: typearea 2012/07/29 v3.11b KOMA-Script package (type area)

Package typearea, 2012/07/29 v3.11b KOMA-Script package (type area)
                  Copyright (C) Frank Neukam, 1992-1994
                  Copyright (C) Markus Kohm, 1994-

\ta@bcor=\skip41
\ta@div=\count79
\ta@hblk=\skip42
\ta@vblk=\skip43
\ta@temp=\skip44
Package typearea Info: These are the values describing the layout:
(typearea)             DIV  = 10
(typearea)             BCOR = 8.53581pt
(typearea)             \paperwidth      = 597.50793pt
(typearea)              \textwidth      = 412.28052pt
(typearea)              DIV departure   = -5%
(typearea)              \evensidemargin = 45.52441pt
(typearea)              \oddsidemargin  = -4.83698pt
(typearea)             \paperheight     = 845.04694pt
(typearea)              \textheight     = 514.20023pt
(typearea)              \topmargin      = 12.2347pt
(typearea)              \headheight     = 17.0pt
(typearea)              \headsep        = 20.40001pt
(typearea)              \topskip        = 11.0pt
(typearea)              \footskip       = 47.60002pt
(typearea)              \baselineskip   = 13.6pt
(typearea)              on input line 1213.
)
\c@part=\count80
\c@chapter=\count81
\c@section=\count82
\c@subsection=\count83
\c@subsubsection=\count84
\c@paragraph=\count85
\c@subparagraph=\count86
\abovecaptionskip=\skip45
\belowcaptionskip=\skip46
\c@pti@nb@sid@b@x=\box26
\c@figure=\count87
\c@table=\count88
\bibindent=\dimen102
)
(C:\Users\Atul\Documents\gitHub\toAtulArora\dipoles\holyText\Report\classicthes
is-config.tex
(C:\Users\Atul\Documents\gitHub\toAtulArora\dipoles\holyText\Report\simpsons.st
y
Package: simpsons 
) ("C:\Program Files\MiKTeX 2.9\tex\latex\base\ifthen.sty"
Package: ifthen 2001/05/26 v1.1c Standard LaTeX ifthen package (DPC)
)
\c@dummy=\count89
\abcd=\skip47

("C:\Program Files\MiKTeX 2.9\tex\latex\base\inputenc.sty"
Package: inputenc 2008/03/30 v1.1d Input encoding file
\inpenc@prehook=\toks15
\inpenc@posthook=\toks16

("C:\Program Files\MiKTeX 2.9\tex\latex\base\latin9.def"
File: latin9.def 2008/03/30 v1.1d Input encoding file
))
("C:\Program Files\MiKTeX 2.9\tex\generic\babel\babel.sty"
Package: babel 2008/07/08 v3.8m The Babel package

*************************************
* Local config file bblopts.cfg used
*
("C:\Program Files\MiKTeX 2.9\tex\latex\00miktex\bblopts.cfg"
File: bblopts.cfg 2006/07/31 v1.0 MiKTeX 'babel' configuration
)
("C:\Program Files\MiKTeX 2.9\tex\generic\babel\ngermanb.ldf"
Language: ngermanb 2008/07/06 v2.6n new German support from the babel system

("C:\Program Files\MiKTeX 2.9\tex\generic\babel\babel.def"
File: babel.def 2008/07/08 v3.8m Babel common definitions
\babel@savecnt=\count90
\U@D=\dimen103
)
\l@naustrian = a dialect from \language\l@ngerman 
Package babel Info: Making " an active character on input line 92.
)
("C:\Program Files\MiKTeX 2.9\tex\generic\babel\english.ldf"
Language: english 2005/03/30 v3.3o English support from the babel system
\l@canadian = a dialect from \language\l@american 
\l@australian = a dialect from \language\l@british 
\l@newzealand = a dialect from \language\l@british 
))
("C:\Program Files\MiKTeX 2.9\tex\latex\natbib\natbib.sty"
Package: natbib 2010/09/13 8.31b (PWD, AO)
\bibhang=\skip48
\bibsep=\skip49
LaTeX Info: Redefining \cite on input line 694.
\c@NAT@ctr=\count91
)
("C:\Program Files\MiKTeX 2.9\tex\latex\amsmath\amsmath.sty"
Package: amsmath 2013/01/14 v2.14 AMS math features
\@mathmargin=\skip50

For additional information on amsmath, use the `?' option.
("C:\Program Files\MiKTeX 2.9\tex\latex\amsmath\amstext.sty"
Package: amstext 2000/06/29 v2.01

("C:\Program Files\MiKTeX 2.9\tex\latex\amsmath\amsgen.sty"
File: amsgen.sty 1999/11/30 v2.0
\@emptytoks=\toks17
\ex@=\dimen104
))
("C:\Program Files\MiKTeX 2.9\tex\latex\amsmath\amsbsy.sty"
Package: amsbsy 1999/11/29 v1.2d
\pmbraise@=\dimen105
)
("C:\Program Files\MiKTeX 2.9\tex\latex\amsmath\amsopn.sty"
Package: amsopn 1999/12/14 v2.01 operator names
)
\inf@bad=\count92
LaTeX Info: Redefining \frac on input line 210.
\uproot@=\count93
\leftroot@=\count94
LaTeX Info: Redefining \overline on input line 306.
\classnum@=\count95
\DOTSCASE@=\count96
LaTeX Info: Redefining \ldots on input line 378.
LaTeX Info: Redefining \dots on input line 381.
LaTeX Info: Redefining \cdots on input line 466.
\Mathstrutbox@=\box27
\strutbox@=\box28
\big@size=\dimen106
LaTeX Font Info:    Redeclaring font encoding OML on input line 566.
LaTeX Font Info:    Redeclaring font encoding OMS on input line 567.
\macc@depth=\count97
\c@MaxMatrixCols=\count98
\dotsspace@=\muskip10
\c@parentequation=\count99
\dspbrk@lvl=\count100
\tag@help=\toks18
\row@=\count101
\column@=\count102
\maxfields@=\count103
\andhelp@=\toks19
\eqnshift@=\dimen107
\alignsep@=\dimen108
\tagshift@=\dimen109
\tagwidth@=\dimen110
\totwidth@=\dimen111
\lineht@=\dimen112
\@envbody=\toks20
\multlinegap=\skip51
\multlinetaggap=\skip52
\mathdisplay@stack=\toks21
LaTeX Info: Redefining \[ on input line 2665.
LaTeX Info: Redefining \] on input line 2666.
)
("C:\Program Files\MiKTeX 2.9\tex\latex\base\fontenc.sty"
Package: fontenc 2005/09/27 v1.99g Standard LaTeX package

("C:\Program Files\MiKTeX 2.9\tex\latex\base\t1enc.def"
File: t1enc.def 2005/09/27 v1.99g Standard LaTeX file
LaTeX Font Info:    Redeclaring font encoding T1 on input line 43.
))
("C:\Program Files\MiKTeX 2.9\tex\latex\tools\xspace.sty"
Package: xspace 2009/10/20 v1.13 Space after command names (DPC,MH)
)
("C:\Program Files\MiKTeX 2.9\tex\latex\mparhack\mparhack.sty"
Package: mparhack 2005/04/17 v1.4 (T. Sgouros and S. Ulrich)
)
("C:\Program Files\MiKTeX 2.9\tex\latex\base\fixltx2e.sty"
Package: fixltx2e 2006/09/13 v1.1m fixes to LaTeX
LaTeX Info: Redefining \em on input line 420.
LaTeX Info: Redefining \textsubscript on input line 424.
LaTeX Info: The control sequence `\[' is already robust on input line 471.
LaTeX Info: The control sequence `\]' is already robust on input line 472.
)
("C:\Program Files\MiKTeX 2.9\tex\latex\acronym\acronym.sty"
Package: acronym 2012/10/29 v1.38 Support for acronyms (Tobias Oetiker)

("C:\Program Files\MiKTeX 2.9\tex\latex\bigfoot\suffix.sty"
Package: suffix 2006/07/15 1.5 Variant command support
)
("C:\Program Files\MiKTeX 2.9\tex\latex\xstring\xstring.sty"
("C:\Program Files\MiKTeX 2.9\tex\generic\xstring\xstring.tex"
\@xs@message=\write3
\integerpart=\count104
\decimalpart=\count105
)
Package: xstring 2013/2/28  v1.7a  String manipulations (C Tellechea)
)
("C:\Program Files\MiKTeX 2.9\tex\latex\ltxmisc\relsize.sty"
Package: relsize 2003/07/04 ver 3.1
)
\AC@clearlist=\toks22
)
("C:\Program Files\MiKTeX 2.9\tex\latex\tools\tabularx.sty"
Package: tabularx 1999/01/07 v2.07 `tabularx' package (DPC)

("C:\Program Files\MiKTeX 2.9\tex\latex\tools\array.sty"
Package: array 2008/09/09 v2.4c Tabular extension package (FMi)
\col@sep=\dimen113
\extrarowheight=\dimen114
\NC@list=\toks23
\extratabsurround=\skip53
\backup@length=\skip54
)
\TX@col@width=\dimen115
\TX@old@table=\dimen116
\TX@old@col=\dimen117
\TX@target=\dimen118
\TX@delta=\dimen119
\TX@cols=\count106
\TX@ftn=\toks24
)
("C:\Program Files\MiKTeX 2.9\tex\latex\caption\caption.sty"
Package: caption 2013/04/14 v3.3-73 Customizing captions (AR)

("C:\Program Files\MiKTeX 2.9\tex\latex\caption\caption3.sty"
Package: caption3 2013/04/14 v1.5-71 caption3 kernel (AR)
\captionmargin=\dimen120
\captionmargin@=\dimen121
\captionwidth=\dimen122
\caption@tempdima=\dimen123
\caption@indent=\dimen124
\caption@parindent=\dimen125
\caption@hangindent=\dimen126
)
Package caption Info: KOMA-Script document class.
\c@ContinuedFloat=\count107
)
("C:\Program Files\MiKTeX 2.9\tex\latex\subfig\subfig.sty"
Package: subfig 2005/06/28 ver: 1.3 subfig package
\c@KVtest=\count108
\sf@farskip=\skip55
\sf@captopadj=\dimen127
\sf@capskip=\skip56
\sf@nearskip=\skip57
\c@subfigure=\count109
\c@subfigure@save=\count110
\c@lofdepth=\count111
\c@subtable=\count112
\c@subtable@save=\count113
\c@lotdepth=\count114
\sf@top=\skip58
\sf@bottom=\skip59
)
("C:\Program Files\MiKTeX 2.9\tex\latex\listings\listings.sty"
\lst@mode=\count115
\lst@gtempboxa=\box29
\lst@token=\toks25
\lst@length=\count116
\lst@currlwidth=\dimen128
\lst@column=\count117
\lst@pos=\count118
\lst@lostspace=\dimen129
\lst@width=\dimen130
\lst@newlines=\count119
\lst@lineno=\count120
\lst@maxwidth=\dimen131

("C:\Program Files\MiKTeX 2.9\tex\latex\listings\lstmisc.sty"
File: lstmisc.sty 2007/02/22 1.4 (Carsten Heinz)
\c@lstnumber=\count121
\lst@skipnumbers=\count122
\lst@framebox=\box30
)
("C:\Program Files\MiKTeX 2.9\tex\latex\listings\listings.cfg"
File: listings.cfg 2007/02/22 1.4 listings configuration
))
Package: listings 2007/02/22 1.4 (Carsten Heinz)

("C:\Program Files\MiKTeX 2.9\tex\latex\listings\lstlang1.sty"
File: lstlang1.sty 2004/09/05 1.3 listings language file
)
("C:\Program Files\MiKTeX 2.9\tex\latex\listings\lstlang2.sty"
File: lstlang2.sty 2004/09/05 1.3 listings language file
)
("C:\Program Files\MiKTeX 2.9\tex\latex\listings\lstlang3.sty"
File: lstlang3.sty 2004/09/05 1.3 listings language file
)
("C:\Program Files\MiKTeX 2.9\tex\latex\listings\lstlang1.sty"
File: lstlang1.sty 2004/09/05 1.3 listings language file
)
("C:\Program Files\MiKTeX 2.9\tex\latex\listings\lstlang2.sty"
File: lstlang2.sty 2004/09/05 1.3 listings language file
)
("C:\Program Files\MiKTeX 2.9\tex\latex\listings\lstlang3.sty"
File: lstlang3.sty 2004/09/05 1.3 listings language file
)
("C:\Program Files\MiKTeX 2.9\tex\latex\listings\lstlang1.sty"
File: lstlang1.sty 2004/09/05 1.3 listings language file
)
("C:\Program Files\MiKTeX 2.9\tex\latex\listings\lstlang2.sty"
File: lstlang2.sty 2004/09/05 1.3 listings language file
)
("C:\Program Files\MiKTeX 2.9\tex\latex\listings\lstlang3.sty"
File: lstlang3.sty 2004/09/05 1.3 listings language file
)
("C:\Program Files\MiKTeX 2.9\tex\latex\listings\lstmisc.sty"
File: lstmisc.sty 2007/02/22 1.4 (Carsten Heinz)
)
("C:\Program Files\MiKTeX 2.9\tex\latex\hyperref\hyperref.sty"
Package: hyperref 2012/11/06 v6.83m Hypertext links for LaTeX

("C:\Program Files\MiKTeX 2.9\tex\generic\oberdiek\hobsub-hyperref.sty"
Package: hobsub-hyperref 2012/04/25 v1.12 Bundle oberdiek, subset hyperref (HO)


("C:\Program Files\MiKTeX 2.9\tex\generic\oberdiek\hobsub-generic.sty"
Package: hobsub-generic 2012/04/25 v1.12 Bundle oberdiek, subset generic (HO)
Package: hobsub 2012/04/25 v1.12 Construct package bundles (HO)
Package: infwarerr 2010/04/08 v1.3 Providing info/warning/error messages (HO)
Package: ltxcmds 2011/11/09 v1.22 LaTeX kernel commands for general use (HO)
Package: ifluatex 2010/03/01 v1.3 Provides the ifluatex switch (HO)
Package ifluatex Info: LuaTeX not detected.
Package: ifvtex 2010/03/01 v1.5 Detect VTeX and its facilities (HO)
Package ifvtex Info: VTeX not detected.
Package: intcalc 2007/09/27 v1.1 Expandable calculations with integers (HO)
Package: ifpdf 2011/01/30 v2.3 Provides the ifpdf switch (HO)
Package ifpdf Info: pdfTeX in PDF mode is detected.
Package: etexcmds 2011/02/16 v1.5 Avoid name clashes with e-TeX commands (HO)
Package etexcmds Info: Could not find \expanded.
(etexcmds)             That can mean that you are not using pdfTeX 1.50 or
(etexcmds)             that some package has redefined \expanded.
(etexcmds)             In the latter case, load this package earlier.
Package: kvsetkeys 2012/04/25 v1.16 Key value parser (HO)
Package: kvdefinekeys 2011/04/07 v1.3 Define keys (HO)
Package: pdftexcmds 2011/11/29 v0.20 Utility functions of pdfTeX for LuaTeX (HO
)
Package pdftexcmds Info: LuaTeX not detected.
Package pdftexcmds Info: \pdf@primitive is available.
Package pdftexcmds Info: \pdf@ifprimitive is available.
Package pdftexcmds Info: \pdfdraftmode found.
Package: pdfescape 2011/11/25 v1.13 Implements pdfTeX's escape features (HO)
Package: bigintcalc 2012/04/08 v1.3 Expandable calculations on big integers (HO
)
Package: bitset 2011/01/30 v1.1 Handle bit-vector datatype (HO)
Package: uniquecounter 2011/01/30 v1.2 Provide unlimited unique counter (HO)
)
Package hobsub Info: Skipping package `hobsub' (already loaded).
Package: letltxmacro 2010/09/02 v1.4 Let assignment for LaTeX macros (HO)
Package: hopatch 2011/06/24 v1.1 Wrapper for package hooks (HO)
Package: xcolor-patch 2011/01/30 xcolor patch
Package: atveryend 2011/06/30 v1.8 Hooks at the very end of document (HO)
Package atveryend Info: \enddocument detected (standard20110627).
Package: atbegshi 2011/10/05 v1.16 At begin shipout hook (HO)
Package: refcount 2011/10/16 v3.4 Data extraction from label references (HO)
Package: hycolor 2011/01/30 v1.7 Color options for hyperref/bookmark (HO)
)
("C:\Program Files\MiKTeX 2.9\tex\generic\ifxetex\ifxetex.sty"
Package: ifxetex 2010/09/12 v0.6 Provides ifxetex conditional
)
("C:\Program Files\MiKTeX 2.9\tex\latex\oberdiek\auxhook.sty"
Package: auxhook 2011/03/04 v1.3 Hooks for auxiliary files (HO)
)
("C:\Program Files\MiKTeX 2.9\tex\latex\oberdiek\kvoptions.sty"
Package: kvoptions 2011/06/30 v3.11 Key value format for package options (HO)
)
\@linkdim=\dimen132
\Hy@linkcounter=\count123
\Hy@pagecounter=\count124

("C:\Program Files\MiKTeX 2.9\tex\latex\hyperref\pd1enc.def"
File: pd1enc.def 2012/11/06 v6.83m Hyperref: PDFDocEncoding definition (HO)
)
\Hy@SavedSpaceFactor=\count125

("C:\Program Files\MiKTeX 2.9\tex\latex\00miktex\hyperref.cfg"
File: hyperref.cfg 2002/06/06 v1.2 hyperref configuration of TeXLive
)
Package hyperref Info: Option `hyperfootnotes' set `false' on input line 4319.
Package hyperref Info: Option `pdfpagelabels' set `true' on input line 4319.
Package hyperref Info: Hyper figures OFF on input line 4443.
Package hyperref Info: Link nesting OFF on input line 4448.
Package hyperref Info: Hyper index ON on input line 4451.
Package hyperref Info: Plain pages OFF on input line 4458.
Package hyperref Info: Backreferencing OFF on input line 4463.
Package hyperref Info: Implicit mode ON; LaTeX internals redefined.
Package hyperref Info: Bookmarks ON on input line 4688.
\c@Hy@tempcnt=\count126

("C:\Program Files\MiKTeX 2.9\tex\latex\ltxmisc\url.sty"
\Urlmuskip=\muskip11
Package: url 2006/04/12  ver 3.3  Verb mode for urls, etc.
)
LaTeX Info: Redefining \url on input line 5041.
\XeTeXLinkMargin=\dimen133
\Fld@menulength=\count127
\Field@Width=\dimen134
\Fld@charsize=\dimen135
Package hyperref Info: Hyper figures OFF on input line 6295.
Package hyperref Info: Link nesting OFF on input line 6300.
Package hyperref Info: Hyper index ON on input line 6303.
Package hyperref Info: backreferencing OFF on input line 6310.
Package hyperref Info: Link coloring OFF on input line 6315.
Package hyperref Info: Link coloring with OCG OFF on input line 6320.
Package hyperref Info: PDF/A mode OFF on input line 6325.
LaTeX Info: Redefining \ref on input line 6365.
LaTeX Info: Redefining \pageref on input line 6369.
\Hy@abspage=\count128
\c@Item=\count129
)

Package hyperref Message: Driver: hpdftex.

("C:\Program Files\MiKTeX 2.9\tex\latex\hyperref\hpdftex.def"
File: hpdftex.def 2012/11/06 v6.83m Hyperref driver for pdfTeX
\Fld@listcount=\count130
\c@bookmark@seq@number=\count131

("C:\Program Files\MiKTeX 2.9\tex\latex\oberdiek\rerunfilecheck.sty"
Package: rerunfilecheck 2011/04/15 v1.7 Rerun checks for auxiliary files (HO)
Package uniquecounter Info: New unique counter `rerunfilecheck' on input line 2
82.
)
\Hy@SectionHShift=\skip60
)
("C:\Program Files\MiKTeX 2.9\tex\latex\graphics\graphicx.sty"
Package: graphicx 1999/02/16 v1.0f Enhanced LaTeX Graphics (DPC,SPQR)

("C:\Program Files\MiKTeX 2.9\tex\latex\graphics\graphics.sty"
Package: graphics 2009/02/05 v1.0o Standard LaTeX Graphics (DPC,SPQR)

("C:\Program Files\MiKTeX 2.9\tex\latex\graphics\trig.sty"
Package: trig 1999/03/16 v1.09 sin cos tan (DPC)
)
("C:\Program Files\MiKTeX 2.9\tex\latex\00miktex\graphics.cfg"
File: graphics.cfg 2007/01/18 v1.5 graphics configuration of teTeX/TeXLive
)
Package graphics Info: Driver file: pdftex.def on input line 91.

("C:\Program Files\MiKTeX 2.9\tex\latex\pdftex-def\pdftex.def"
File: pdftex.def 2011/05/27 v0.06d Graphics/color for pdfTeX
\Gread@gobject=\count132
))
\Gin@req@height=\dimen136
\Gin@req@width=\dimen137
)
Package hyperref Info: Option `colorlinks' set `true' on input line 201.
Package hyperref Info: Option `linktocpage' set `true' on input line 201.
Package hyperref Info: Option `breaklinks' set `true' on input line 201.
Package hyperref Info: Option `pageanchor' set `true' on input line 201.
Package hyperref Info: Option `plainpages' set `false' on input line 201.
Package hyperref Info: Option `bookmarksnumbered' set `true' on input line 201.

Package hyperref Info: Option `bookmarksopen' set `true' on input line 201.
Package hyperref Info: Option `hypertexnames' set `true' on input line 201.

(C:\Users\Atul\Documents\gitHub\toAtulArora\dipoles\holyText\Report\classicthes
is.sty
Package: classicthesis 2011/12/17 v4.0 Typographic style for a classic-looking 
thesis
 ("C:\Program Files\MiKTeX 2.9\tex\latex\xcolor\xcolor.sty"
Package: xcolor 2007/01/21 v2.11 LaTeX color extensions (UK)

("C:\Program Files\MiKTeX 2.9\tex\latex\00miktex\color.cfg"
File: color.cfg 2007/01/18 v1.5 color configuration of teTeX/TeXLive
)
Package xcolor Info: Driver file: pdftex.def on input line 225.
Package xcolor Info: Model `cmy' substituted by `cmy0' on input line 1337.
Package xcolor Info: Model `hsb' substituted by `rgb' on input line 1341.
Package xcolor Info: Model `RGB' extended on input line 1353.
Package xcolor Info: Model `HTML' substituted by `rgb' on input line 1355.
Package xcolor Info: Model `Hsb' substituted by `hsb' on input line 1356.
Package xcolor Info: Model `tHsb' substituted by `hsb' on input line 1357.
Package xcolor Info: Model `HSB' substituted by `hsb' on input line 1358.
Package xcolor Info: Model `Gray' substituted by `gray' on input line 1359.
Package xcolor Info: Model `wave' substituted by `hsb' on input line 1360.

("C:\Program Files\MiKTeX 2.9\tex\latex\graphics\dvipsnam.def"
File: dvipsnam.def 1999/02/16 v3.0i Driver-dependant file (DPC,SPQR)
))
("C:\Program Files\MiKTeX 2.9\tex\latex\psnfss\mathpazo.sty"
Package: mathpazo 2005/04/12 PSNFSS-v9.2a Palatino w/ Pazo Math (D.Puga, WaS) 
\symupright=\mathgroup4
)
("C:\Program Files\MiKTeX 2.9\tex\latex\bera\beramono.sty"
Package: beramono 2004/01/31 (WaS)
)
("C:\Program Files\MiKTeX 2.9\tex\latex\eulervm\eulervm.sty"
Package: eulervm 2005/01/11 v4.0 (WaS)
)
("C:\Program Files\MiKTeX 2.9\tex\latex\microtype\microtype.sty"
Package: microtype 2013/03/13 v2.5 Micro-typographical refinements (RS)
\MT@toks=\toks26
\MT@count=\count133
LaTeX Info: Redefining \textls on input line 771.
\MT@outer@kern=\dimen138
LaTeX Info: Redefining \textmicrotypecontext on input line 1290.
\MT@listname@count=\count134

("C:\Program Files\MiKTeX 2.9\tex\latex\microtype\microtype-pdftex.def"
File: microtype-pdftex.def 2013/03/13 v2.5 Definitions specific to pdftex (RS)
LaTeX Info: Redefining \lsstyle on input line 889.
LaTeX Info: Redefining \lslig on input line 889.
\MT@outer@space=\skip61
)
Package microtype Info: Loading configuration file microtype.cfg.

("C:\Program Files\MiKTeX 2.9\tex\latex\microtype\microtype.cfg"
File: microtype.cfg 2013/03/13 v2.5 microtype main configuration file (RS)
))
Package classicthesis Info: A4 paper, Palatino or other on input line 256.
Package typearea Info: These are the values describing the layout:
(typearea)             DIV  = areaset
(typearea)             BCOR = 8.53581pt
(typearea)             \paperwidth      = 597.50793pt
(typearea)              \textwidth      = 336.0pt
(typearea)              \evensidemargin = 96.37808pt
(typearea)              \oddsidemargin  = 20.58986pt
(typearea)             \paperheight     = 845.04694pt
(typearea)              \textheight     = 666.04997pt
(typearea)              \topmargin      = -40.58768pt
(typearea)              \headheight     = 15.95pt
(typearea)              \headsep        = 20.40001pt
(typearea)              \topskip        = 11.0pt
(typearea)              \footskip       = 47.60002pt
(typearea)              \baselineskip   = 13.6pt
(typearea)              on input line 256.

("C:\Program Files\MiKTeX 2.9\tex\latex\booktabs\booktabs.sty"
Package: booktabs 2005/04/14 v1.61803 publication quality tables
\heavyrulewidth=\dimen139
\lightrulewidth=\dimen140
\cmidrulewidth=\dimen141
\belowrulesep=\dimen142
\belowbottomsep=\dimen143
\aboverulesep=\dimen144
\abovetopsep=\dimen145
\cmidrulesep=\dimen146
\cmidrulekern=\dimen147
\defaultaddspace=\dimen148
\@cmidla=\count135
\@cmidlb=\count136
\@aboverulesep=\dimen149
\@belowrulesep=\dimen150
\@thisruleclass=\count137
\@lastruleclass=\count138
\@thisrulewidth=\dimen151
)
("C:\Program Files\MiKTeX 2.9\tex\latex\textcase\textcase.sty"
Package: textcase 2004/10/07 v0.07 Text only upper/lower case changing (DPC)
)
Package classicthesis Info: Using pdftex/microtype for character spacing.Make s
ure your pdftex is version 1.40 or higher. on input line 328.

("C:\Program Files\MiKTeX 2.9\tex\latex\koma-script\scrpage2.sty"
Package: scrpage2 2010/04/22 v2.5 LaTeX2e KOMA-Script package
LaTeX Info: Redefining \pagemark on input line 176.
)
("C:\Program Files\MiKTeX 2.9\tex\latex\titlesec\titlesec.sty"
Package: titlesec 2011/12/15 v2.10.0 Sectioning titles
\ttl@box=\box31
\beforetitleunit=\skip62
\aftertitleunit=\skip63
\ttl@plus=\dimen152
\ttl@minus=\dimen153
\ttl@toksa=\toks27
\titlewidth=\dimen154
\titlewidthlast=\dimen155
\titlewidthfirst=\dimen156
)
("C:\Program Files\MiKTeX 2.9\tex\latex\tocloft\tocloft.sty"
Package: tocloft 2013/05/02 v2.3f parameterised ToC, etc., typesetting
Package tocloft Info: The document has chapter divisions on input line 44.
\cftparskip=\skip64
\cftbeforetoctitleskip=\skip65
\cftaftertoctitleskip=\skip66
\cftbeforepartskip=\skip67
\cftpartnumwidth=\skip68
\cftpartindent=\skip69
\cftbeforechapskip=\skip70
\cftchapindent=\skip71
\cftchapnumwidth=\skip72
\cftbeforesecskip=\skip73
\cftsecindent=\skip74
\cftsecnumwidth=\skip75
\cftbeforesubsecskip=\skip76
\cftsubsecindent=\skip77
\cftsubsecnumwidth=\skip78
\cftbeforesubsubsecskip=\skip79
\cftsubsubsecindent=\skip80
\cftsubsubsecnumwidth=\skip81
\cftbeforeparaskip=\skip82
\cftparaindent=\skip83
\cftparanumwidth=\skip84
\cftbeforesubparaskip=\skip85
\cftsubparaindent=\skip86
\cftsubparanumwidth=\skip87
\cftbeforeloftitleskip=\skip88
\cftafterloftitleskip=\skip89
\cftbeforefigskip=\skip90
\cftfigindent=\skip91
\cftfignumwidth=\skip92
\cftbeforelottitleskip=\skip93
\cftafterlottitleskip=\skip94
\cftbeforetabskip=\skip95
\cfttabindent=\skip96
\cfttabnumwidth=\skip97
\cftbeforesubfigskip=\skip98
\cftsubfigindent=\skip99
\cftsubfignumwidth=\skip100
\cftbeforesubtabskip=\skip101
\cftsubtabindent=\skip102
\cftsubtabnumwidth=\skip103
)
\newnumberwidth=\skip104
\beforebibskip=\skip105
\newchnumberwidth=\skip106
\figurelabelwidth=\skip107
\tablelabelwidth=\skip108
\c@listings=\count139
\cftbeforelistingsskip=\skip109
\cftlistingsindent=\skip110
\cftlistingsnumwidth=\skip111
\c@loldepth=\count140
\cftbeforeloltitleskip=\skip112
\cftafterloltitleskip=\skip113
\listingslabelwidth=\skip114

Using KOMA-command "deffootnote" for footnote setup
("C:\Program Files\MiKTeX 2.9\tex\latex\koma-script\scrtime.sty"
Package: scrtime 2012/07/29 v3.11b KOMA-Script package (time of LaTeX run)
)
("C:\Program Files\MiKTeX 2.9\tex\latex\ms\prelim2e.sty"
Package: prelim2e 2009/05/29 v1.3 prelim2e Package (MS)

("C:\Program Files\MiKTeX 2.9\tex\latex\ms\everyshi.sty"
Package: everyshi 2001/05/15 v3.00 EveryShipout Package (MS)
))
("C:\Program Files\MiKTeX 2.9\tex\latex\carlisle\remreset.sty")))
(C:\Users\Atul\Documents\gitHub\toAtulArora\dipoles\holyText\Report\latticeRepo
rt.aux
(C:\Users\Atul\Documents\gitHub\toAtulArora\dipoles\holyText\Report\FrontBackma
tter/Titlepage.aux)
(C:\Users\Atul\Documents\gitHub\toAtulArora\dipoles\holyText\Report\FrontBackma
tter/Titleback.aux)
(C:\Users\Atul\Documents\gitHub\toAtulArora\dipoles\holyText\Report\FrontBackma
tter/Acknowledgments.aux)
(C:\Users\Atul\Documents\gitHub\toAtulArora\dipoles\holyText\Report\FrontBackma
tter/Contents.aux)
(C:\Users\Atul\Documents\gitHub\toAtulArora\dipoles\holyText\Report\Chapters/Pr
ologue.aux)
(C:\Users\Atul\Documents\gitHub\toAtulArora\dipoles\holyText\Report\Chapters/Wa
tchItGrow.aux)
(C:\Users\Atul\Documents\gitHub\toAtulArora\dipoles\holyText\Report\FrontBackma
tter/Colophon.aux))
LaTeX Font Info:    Checking defaults for OML/cmm/m/it on input line 32.
LaTeX Font Info:    ... okay on input line 32.
LaTeX Font Info:    Checking defaults for T1/cmr/m/n on input line 32.
LaTeX Font Info:    ... okay on input line 32.
LaTeX Font Info:    Checking defaults for OT1/cmr/m/n on input line 32.
LaTeX Font Info:    ... okay on input line 32.
LaTeX Font Info:    Checking defaults for OMS/cmsy/m/n on input line 32.
LaTeX Font Info:    ... okay on input line 32.
LaTeX Font Info:    Checking defaults for OMX/cmex/m/n on input line 32.
LaTeX Font Info:    ... okay on input line 32.
LaTeX Font Info:    Checking defaults for U/cmr/m/n on input line 32.
LaTeX Font Info:    ... okay on input line 32.
LaTeX Font Info:    Checking defaults for PD1/pdf/m/n on input line 32.
LaTeX Font Info:    ... okay on input line 32.
LaTeX Font Info:    Try loading font information for T1+pplj on input line 32.
 ("C:\Program Files\MiKTeX 2.9\tex\latex\psnfss\t1pplj.fd"
File: t1pplj.fd 2004/09/06 font definitions for T1/pplj.
)
Package caption Info: Begin \AtBeginDocument code.
Package caption Info: subfig package v1.3 is loaded.
Package caption Info: hyperref package is loaded.
Package caption Info: listings package is loaded.
Package caption Info: End \AtBeginDocument code.
\c@lstlisting=\count141
\AtBeginShipoutBox=\box32
Package hyperref Info: Link coloring ON on input line 32.

("C:\Program Files\MiKTeX 2.9\tex\latex\hyperref\nameref.sty"
Package: nameref 2012/10/27 v2.43 Cross-referencing by name of section

("C:\Program Files\MiKTeX 2.9\tex\generic\oberdiek\gettitlestring.sty"
Package: gettitlestring 2010/12/03 v1.4 Cleanup title references (HO)
)
\c@section@level=\count142
)
LaTeX Info: Redefining \ref on input line 32.
LaTeX Info: Redefining \pageref on input line 32.
LaTeX Info: Redefining \nameref on input line 32.

(C:\Users\Atul\Documents\gitHub\toAtulArora\dipoles\holyText\Report\latticeRepo
rt.out)
(C:\Users\Atul\Documents\gitHub\toAtulArora\dipoles\holyText\Report\latticeRepo
rt.out)
\@outlinefile=\write4
 ("C:\Program Files\MiKTeX 2.9\tex\context\base\supp-pdf.mkii"
[Loading MPS to PDF converter (version 2006.09.02).]
\scratchcounter=\count143
\scratchdimen=\dimen157
\scratchbox=\box33
\nofMPsegments=\count144
\nofMParguments=\count145
\everyMPshowfont=\toks28
\MPscratchCnt=\count146
\MPscratchDim=\dimen158
\MPnumerator=\count147
\makeMPintoPDFobject=\count148
\everyMPtoPDFconversion=\toks29
)
LaTeX Info: Redefining \microtypecontext on input line 32.
Package microtype Info: Generating PDF output.
Package microtype Info: Character protrusion enabled (level 2).
Package microtype Info: Using default protrusion set `alltext'.
Package microtype Info: No font expansion.
Package microtype Info: No adjustment of tracking.
Package microtype Info: No adjustment of interword spacing.
Package microtype Info: No adjustment of character kerning.
 ("C:\Program Files\MiKTeX 2.9\tex\latex\microtype\mt-ppl.cfg"
File: mt-ppl.cfg 2005/11/16 v1.6 microtype config. file: Palatino (RS)
)
ABD: EveryShipout initializing macros
(C:\Users\Atul\Documents\gitHub\toAtulArora\dipoles\holyText\Report\FrontBackma
tter/Titlepage.tex <gfx/snapshot3.png, id=87, 272.01625pt x 106.3975pt>
File: gfx/snapshot3.png Graphic file (type png)

<use gfx/snapshot3.png>
Package pdftex.def Info: gfx/snapshot3.png used on input line 22.
(pdftex.def)             Requested size: 199.16928pt x 77.90817pt.
 [1




{C:/ProgramData/MiKTeX/2.9/pdftex/config/pdftex.map} <C:/Users/Atul/Documents/g
itHub/toAtulArora/dipoles/holyText/Report/gfx/snapshot3.png>])
(C:\Users\Atul\Documents\gitHub\toAtulArora\dipoles\holyText\Report\FrontBackma
tter/Titleback.tex) [2


]
(C:\Users\Atul\Documents\gitHub\toAtulArora\dipoles\holyText\Report\FrontBackma
tter/Acknowledgments.tex
LaTeX Font Info:    Font shape `T1/pplj/m/sl' in size <10.95> not available
(Font)              Font shape `T1/pplj/m/it' tried instead on input line 6.
) [3




] [4



]
(C:\Users\Atul\Documents\gitHub\toAtulArora\dipoles\holyText\Report\FrontBackma
tter/Contents.tex
Package tocbasic Info: character protrusion at toc deactivated on input line 11
.

(C:\Users\Atul\Documents\gitHub\toAtulArora\dipoles\holyText\Report\latticeRepo
rt.toc
Package microtype Info: Character `029' is missing
(microtype)             in font `T1/pplj/m/sc/10.95'.
(microtype)             Ignoring protrusion settings for this character.
LaTeX Font Info:    Try loading font information for U+zeur on input line 11.
 ("C:\Program Files\MiKTeX 2.9\tex\latex\eulervm\uzeur.fd"
File: uzeur.fd 2005/01/11 v4.0 (WaS)
)
("C:\Program Files\MiKTeX 2.9\tex\latex\microtype\mt-eur.cfg"
File: mt-eur.cfg 2006/07/31 v1.1 microtype config. file: AMS Euler Roman (RS)
)
LaTeX Font Info:    Try loading font information for U+zeus on input line 11.

("C:\Program Files\MiKTeX 2.9\tex\latex\eulervm\uzeus.fd"
File: uzeus.fd 2005/01/11 v4.0 (WaS)
)
("C:\Program Files\MiKTeX 2.9\tex\latex\microtype\mt-eus.cfg"
File: mt-eus.cfg 2006/07/28 v1.2 microtype config. file: AMS Euler Script (RS)
)
LaTeX Font Info:    Try loading font information for U+zeuex on input line 11.

("C:\Program Files\MiKTeX 2.9\tex\latex\eulervm\uzeuex.fd"
File: uzeuex.fd 2005/01/11 v4.0 (WaS)
)
LaTeX Font Info:    Try loading font information for OT1+zplm on input line 11.


("C:\Program Files\MiKTeX 2.9\tex\latex\psnfss\ot1zplm.fd"
File: ot1zplm.fd 2002/09/08 Fontinst v1.914 font definitions for OT1/zplm.
)
Package microtype Info: Loading generic settings for font family
(microtype)             `zplm' (encoding: OT1).
(microtype)             For optimal results, create family-specific settings.
(microtype)             See the microtype manual for details.
)
\tf@toc=\write5
 [5



]
Package tocbasic Info: character protrusion at lof deactivated on input line 31
.

(C:\Users\Atul\Documents\gitHub\toAtulArora\dipoles\holyText\Report\latticeRepo
rt.lof)
\tf@lof=\write6
Package tocbasic Info: character protrusion at lot deactivated on input line 42
.

(C:\Users\Atul\Documents\gitHub\toAtulArora\dipoles\holyText\Report\latticeRepo
rt.lot)
\tf@lot=\write7

(C:\Users\Atul\Documents\gitHub\toAtulArora\dipoles\holyText\Report\latticeRepo
rt.lol)
\tf@lol=\write8
LaTeX Font Info:    Font shape `T1/pplj/bx/n' in size <10.95> not available
(Font)              Font shape `T1/pplj/b/n' tried instead on input line 66.
LaTeX Font Info:    Try loading font information for T1+cmss on input line 66.
 ("C:\Program Files\MiKTeX 2.9\tex\latex\base\t1cmss.fd"
File: t1cmss.fd 1999/05/25 v2.5h Standard LaTeX font definitions
)
Package microtype Info: Loading generic settings for font family
(microtype)             `cmss' (encoding: T1).
(microtype)             For optimal results, create family-specific settings.
(microtype)             See the microtype manual for details.
 [6

])
(C:\Users\Atul\Documents\gitHub\toAtulArora\dipoles\holyText\Report\Chapters/Pr
ologue.tex
Chapter 1.

Class scrreprt Warning: \float@addtolists detected!
(scrreprt)              You should use the features of package `tocbasic'
(scrreprt)              instead of \float@addtolists.
(scrreprt)              Support for \float@addtolists may be removed from
(scrreprt)              `scrreprt' soon .

[1








]) [2]
(C:\Users\Atul\Documents\gitHub\toAtulArora\dipoles\holyText\Report\Chapters/Wa
tchItGrow.tex
Chapter 2.

Package hyperref Warning: Token not allowed in a PDF string (PDFDocEncoding):
(hyperref)                removing `\@ifnextchar' on input line 5.


Overfull \hbox (7.1495pt too wide) in paragraph at lines 10--11
\T1/pplj/m/n/10.95 This ex-per-i-ment wasn't started from scratch. My guide, Dr
. Ravi Mehro-
 []

[3




]
LaTeX Font Info:    Try loading font information for T1+fvm on input line 28.
 ("C:\Program Files\MiKTeX 2.9\tex\latex\bera\t1fvm.fd"
File: t1fvm.fd 2004/09/07 scalable font definitions for T1/fvm.
)
LaTeX Font Info:    Font shape `T1/fvm/m/n' will be
(Font)              scaled to size 8.50006pt on input line 28.
Package microtype Info: Loading generic settings for font family
(microtype)             `fvm' (encoding: T1).
(microtype)             For optimal results, create family-specific settings.
(microtype)             See the microtype manual for details.

(C:\Users\Atul\Documents\gitHub\toAtulArora\dipoles\README.md [4] [5] [6]
[7]) [8] <gfx/fanSetup.jpg, id=303, 177.5433pt x 105.7551pt>
File: gfx/fanSetup.jpg Graphic file (type jpg)

<use gfx/fanSetup.jpg>
Package pdftex.def Info: gfx/fanSetup.jpg used on input line 48.
(pdftex.def)             Requested size: 235.19897pt x 140.10707pt.
 <gfx/fanSetupActual.jpg, id=304, 2585.66pt x 1943.26pt>
File: gfx/fanSetupActual.jpg Graphic file (type jpg)

<use gfx/fanSetupActual.jpg>
Package pdftex.def Info: gfx/fanSetupActual.jpg used on input line 56.
(pdftex.def)             Requested size: 235.19897pt x 176.7539pt.

<gfx/vacuumCleanerSetup.jpg, id=306, 2585.66pt x 1943.26pt>
File: gfx/vacuumCleanerSetup.jpg Graphic file (type jpg)

<use gfx/vacuumCleanerSetup.jpg>
Package pdftex.def Info: gfx/vacuumCleanerSetup.jpg used on input line 64.
(pdftex.def)             Requested size: 235.19897pt x 176.7539pt.
 [9 <C:/Users/Atul/Documents/gitHub/toAtulArora/dipoles/holyText/Report/gfx/fan
Setup.jpg>]
<gfx/theLightDipole.jpg, id=315, 233.9139pt x 281.6121pt>
File: gfx/theLightDipole.jpg Graphic file (type jpg)

<use gfx/theLightDipole.jpg>
Package pdftex.def Info: gfx/theLightDipole.jpg used on input line 73.
(pdftex.def)             Requested size: 235.19897pt x 283.16695pt.
 [10 <C:/Users/Atul/Documents/gitHub/toAtulArora/dipoles/holyText/Report/gfx/fa
nSetupActual.jpg> <C:/Users/Atul/Documents/gitHub/toAtulArora/dipoles/holyText/
Report/gfx/vacuumCleanerSetup.jpg>] [11 <C:/Users/Atul/Documents/gitHub/toAtulA
rora/dipoles/holyText/Report/gfx/theLightDipole.jpg>]
Overfull \hbox (16.33775pt too wide) in paragraph at lines 83--84
[]\T1/pplj/m/n/10.95 Online re-search in-di-cated that air-bearings do func-tio
n well enough
 []

<gfx/picture002.jpg, id=325, 336.25626pt x 336.25626pt>
File: gfx/picture002.jpg Graphic file (type jpg)

<use gfx/picture002.jpg>
Package pdftex.def Info: gfx/picture002.jpg used on input line 100.
(pdftex.def)             Requested size: 235.19897pt x 235.1982pt.
 [12]
<../../latticeAnalyser/screenshots/snapshot1.png, id=333, 963.6pt x 770.88pt>
File: ../../latticeAnalyser/screenshots/snapshot1.png Graphic file (type png)

<use ../../latticeAnalyser/screenshots/snapshot1.png>
Package pdftex.def Info: ../../latticeAnalyser/screenshots/snapshot1.png used o
n input line 124.
(pdftex.def)             Requested size: 369.60205pt x 295.67815pt.

Overfull \hbox (33.60205pt too wide) in paragraph at lines 124--125
 [] 
 []

<../../latticeAnalyser/screenshots/snapshot2.png, id=334, 963.6pt x 770.88pt>
File: ../../latticeAnalyser/screenshots/snapshot2.png Graphic file (type png)

<use ../../latticeAnalyser/screenshots/snapshot2.png>
Package pdftex.def Info: ../../latticeAnalyser/screenshots/snapshot2.png used o
n input line 132.
(pdftex.def)             Requested size: 369.60205pt x 295.67815pt.

Overfull \hbox (33.60205pt too wide) in paragraph at lines 132--133
 [] 
 []


<../../latticeAnalyser/multimediaFiles/singleDipole.png, id=337, 97.5645pt x 97
.5645pt>
File: ../../latticeAnalyser/multimediaFiles/singleDipole.png Graphic file (type
 png)
 <use ../../latticeAnalyser/multimediaFiles/singleDipole.png>
Package pdftex.def Info: ../../latticeAnalyser/multimediaFiles/singleDipole.png
 used on input line 143.
(pdftex.def)             Requested size: 100.80103pt x 100.80219pt.

<../../latticeAnalyser/screenshots/snapshot5.png, id=338, 963.6pt x 770.88pt>
File: ../../latticeAnalyser/screenshots/snapshot5.png Graphic file (type png)

<use ../../latticeAnalyser/screenshots/snapshot5.png>
Package pdftex.def Info: ../../latticeAnalyser/screenshots/snapshot5.png used o
n input line 151.
(pdftex.def)             Requested size: 369.60205pt x 295.67815pt.

Overfull \hbox (33.60205pt too wide) in paragraph at lines 151--152
 [] 
 []

<gfx/testGraphs.pdf, id=341, 845.07718pt x 597.55246pt>
File: gfx/testGraphs.pdf Graphic file (type pdf)

<use gfx/testGraphs.pdf>
Package pdftex.def Info: gfx/testGraphs.pdf used on input line 162.
(pdftex.def)             Requested size: 369.60205pt x 261.3465pt.

Overfull \hbox (33.60205pt too wide) in paragraph at lines 162--163
 [] 
 []


Overfull \hbox (0.56967pt too wide) in paragraph at lines 168--169
\T1/pplj/m/n/10.95 The next chal-lenge was to re-al-ize that a dipole de-tec-ti
on can be missed
 []

[13 <C:/Users/Atul/Documents/gitHub/toAtulArora/dipoles/holyText/Report/gfx/pic
ture002.jpg>]
<gfx/ellipseCircleDipoles4x4_black.jpg, id=348, 458.9145pt x 428.802pt>
File: gfx/ellipseCircleDipoles4x4_black.jpg Graphic file (type jpg)

<use gfx/ellipseCircleDipoles4x4_black.jpg>
Package pdftex.def Info: gfx/ellipseCircleDipoles4x4_black.jpg used on input li
ne 173.
(pdftex.def)             Requested size: 235.19897pt x 219.76572pt.
 [14 <C:/Users/Atul/Documents/gitHub/toAtulArora/dipoles/latticeAnalyser/screen
shots/snapshot1.png (PNG copy)>]
[15 <C:/Users/Atul/Documents/gitHub/toAtulArora/dipoles/latticeAnalyser/screens
hots/snapshot2.png (PNG copy)> <C:/Users/Atul/Documents/gitHub/toAtulArora/dipo
les/latticeAnalyser/multimediaFiles/singleDipole.png>]
Overfull \hbox (6.17676pt too wide) in paragraph at lines 199--200
\T1/pplj/m/n/10.95 Painstakingly, IPP was down-loaded, built and in-te-grated w
ith OpenCV
 []

[16 <C:/Users/Atul/Documents/gitHub/toAtulArora/dipoles/latticeAnalyser/screens
hots/snapshot5.png (PNG copy)>] [17 <C:/Users/Atul/Documents/gitHub/toAtulArora
/dipoles/holyText/Report/gfx/testGraphs.pdf>] [18 <C:/Users/Atul/Documents/gitH
ub/toAtulArora/dipoles/holyText/Report/gfx/ellipseCircleDipoles4x4_black.jpg>]
Overfull \hbox (1.54427pt too wide) in paragraph at lines 227--228
[]\T1/pplj/m/n/10.95 Discussion about how to im-ple-ment the en-ergy pump-ing (
which
 []

[19]
<../../latticeAnalyser/screenshots/snapshot8.png, id=411, 1445.4pt x 813.0375pt
>
File: ../../latticeAnalyser/screenshots/snapshot8.png Graphic file (type png)
 <use ../../latticeAnalyser/screenshots/snapshot8.png>
Package pdftex.def Info: ../../latticeAnalyser/screenshots/snapshot8.png used o
n input line 252.
(pdftex.def)             Requested size: 369.60205pt x 207.8987pt.

Overfull \hbox (33.60205pt too wide) in paragraph at lines 252--253
 [] 
 []


<../../latticeAnalyser/screenshots/snapshot9.png, id=412, 1445.4pt x 813.0375pt
>
File: ../../latticeAnalyser/screenshots/snapshot9.png Graphic file (type png)
 <use ../../latticeAnalyser/screenshots/snapshot9.png>
Package pdftex.def Info: ../../latticeAnalyser/screenshots/snapshot9.png used o
n input line 260.
(pdftex.def)             Requested size: 369.60205pt x 207.8987pt.

Overfull \hbox (33.60205pt too wide) in paragraph at lines 260--261
 [] 
 []


<../../latticeAnalyser/screenshots/snapshot11.png, id=413, 1445.4pt x 813.0375p
t>
File: ../../latticeAnalyser/screenshots/snapshot11.png Graphic file (type png)
 <use ../../latticeAnalyser/screenshots/snapshot11.png>
Package pdftex.def Info: ../../latticeAnalyser/screenshots/snapshot11.png used 
on input line 268.
(pdftex.def)             Requested size: 369.60205pt x 207.8987pt.

Overfull \hbox (33.60205pt too wide) in paragraph at lines 268--269
 [] 
 []

[20 <C:/Users/Atul/Documents/gitHub/toAtulArora/dipoles/latticeAnalyser/screens
hots/snapshot8.png>]
Overfull \hbox (4.97462pt too wide) in paragraph at lines 279--290
\T1/pplj/m/n/10.95 misc: cmake was fid-dled around with, auto num-ber-ing of la
t-tice points,
 []

[21 <C:/Users/Atul/Documents/gitHub/toAtulArora/dipoles/latticeAnalyser/screens
hots/snapshot9.png>]
("C:\Program Files\MiKTeX 2.9\tex\latex\listings\lstlang1.sty"
File: lstlang1.sty 2004/09/05 1.3 listings language file
)
("C:\Program Files\MiKTeX 2.9\tex\latex\listings\lstlang1.sty"
File: lstlang1.sty 2004/09/05 1.3 listings language file
)
("C:\Program Files\MiKTeX 2.9\tex\latex\listings\lstmisc.sty"
File: lstmisc.sty 2007/02/22 1.4 (Carsten Heinz)
)
(C:\Users\Atul\Documents\gitHub\toAtulArora\dipoles\latticeAnalyser\latticeAnal
yser.cpp [22 <C:/Users/Atul/Documents/gitHub/toAtulArora/dipoles/latticeAnalyse
r/screenshots/snapshot11.png>] [23] [24] [25] [26] [27] [28] [29] [30] [31]
[32] [33] [34] [35] [36] [37] [38] [39] [40] [41] [42] [43] [44] [45] [46]
[47] [48] [49] [50] [51] [52] [53] [54] [55] [56] [57] [58] [59] [60] [61]
[62] [63] [64] [65] [66] [67] [68] [69] [70] [71])
<gfx/temperature.jpg, id=2789, 2585.66pt x 1943.26pt>
File: gfx/temperature.jpg Graphic file (type jpg)

<use gfx/temperature.jpg>
Package pdftex.def Info: gfx/temperature.jpg used on input line 304.
(pdftex.def)             Requested size: 285.60205pt x 214.61916pt.

(C:\Users\Atul\Documents\gitHub\toAtulArora\dipoles\temperature\firmware\temper
ature.c [72] [73 <C:/Users/Atul/Documents/gitHub/toAtulArora/dipoles/holyText/R
eport/gfx/temperature.jpg>]
Overfull \hbox (77.10667pt too wide) in paragraph at lines 39--40
[][][][][][] 
 []


Overfull \hbox (92.00659pt too wide) in paragraph at lines 39--40
[][]  
 []


Overfull \hbox (51.60626pt too wide) in paragraph at lines 40--41
[][][][][][] 
 []


Overfull \hbox (71.60626pt too wide) in paragraph at lines 40--41
[][][][] 
 []


Overfull \hbox (71.60626pt too wide) in paragraph at lines 40--41
[][][][] 
 []


Overfull \hbox (66.50618pt too wide) in paragraph at lines 40--41
[][]  
 []


Overfull \hbox (10.8056pt too wide) in paragraph at lines 41--43
[][][][][][] 
 []


Overfull \hbox (15.50536pt too wide) in paragraph at lines 41--43
[][][][] 
 []


Overfull \hbox (25.7055pt too wide) in paragraph at lines 41--43
[][][] 
 []


Overfull \hbox (51.20593pt too wide) in paragraph at lines 41--43
[][] 
 []


Overfull \hbox (25.70552pt too wide) in paragraph at lines 41--43
[][][] 
 []


Overfull \hbox (10.40527pt too wide) in paragraph at lines 41--43
[][]  
 []

[74]
Overfull \hbox (41.4061pt too wide) in paragraph at lines 96--97
[][][][][][] 
 []


Overfull \hbox (56.30602pt too wide) in paragraph at lines 96--97
[][][][] 
 []


Overfull \hbox (71.60626pt too wide) in paragraph at lines 96--97
[][][][] 
 []


Overfull \hbox (56.30602pt too wide) in paragraph at lines 96--97
[][][][] 
 []


Overfull \hbox (56.30602pt too wide) in paragraph at lines 96--97
[][][][] 
 []


Overfull \hbox (71.60626pt too wide) in paragraph at lines 96--97
[][][][] 
 []


Overfull \hbox (56.30602pt too wide) in paragraph at lines 96--97
[][][][] 
 []


Overfull \hbox (66.50618pt too wide) in paragraph at lines 96--97
[][][][] 
 []


Overfull \hbox (56.30602pt too wide) in paragraph at lines 96--97
[][][][] 
 []


Overfull \hbox (76.70634pt too wide) in paragraph at lines 96--97
[][][][] 
 []


Overfull \hbox (56.30602pt too wide) in paragraph at lines 96--97
[][][][] 
 []


Overfull \hbox (76.70634pt too wide) in paragraph at lines 96--97
[][][][] 
 []


Overfull \hbox (56.30602pt too wide) in paragraph at lines 96--97
[][][][] 
 []


Overfull \hbox (56.30602pt too wide) in paragraph at lines 96--97
[][][][] 
 []


Overfull \hbox (66.50618pt too wide) in paragraph at lines 96--97
[][][][] 
 []


Overfull \hbox (56.30602pt too wide) in paragraph at lines 96--97
[][][][] 
 []


Overfull \hbox (81.80643pt too wide) in paragraph at lines 96--97
[][][][] 
 []


Overfull \hbox (56.30602pt too wide) in paragraph at lines 96--97
[][][][] 
 []


Overfull \hbox (61.4061pt too wide) in paragraph at lines 96--97
[][][][] 
 []


Overfull \hbox (56.30602pt too wide) in paragraph at lines 96--97
[][][][] 
 []


Overfull \hbox (71.60626pt too wide) in paragraph at lines 96--97
[][][][] 
 []


Overfull \hbox (56.30602pt too wide) in paragraph at lines 96--97
[][][][] 
 []


Overfull \hbox (92.00659pt too wide) in paragraph at lines 96--97
[][][][] 
 []


Overfull \hbox (51.20593pt too wide) in paragraph at lines 96--97
[][]  
 []

[75] [76]
Overfull \hbox (204.60873pt too wide) in paragraph at lines 143--144
[][][][][][] 
 []


Overfull \hbox (219.50865pt too wide) in paragraph at lines 143--144
[][][][] 
 []


Overfull \hbox (260.30931pt too wide) in paragraph at lines 143--144
[][][][] 
 []


Overfull \hbox (219.50865pt too wide) in paragraph at lines 143--144
[][][][] 
 []


Overfull \hbox (224.60873pt too wide) in paragraph at lines 143--144
[][][][] 
 []


Overfull \hbox (219.50865pt too wide) in paragraph at lines 143--144
[][][][] 
 []


Overfull \hbox (229.70882pt too wide) in paragraph at lines 143--144
[][][][] 
 []


Overfull \hbox (219.50865pt too wide) in paragraph at lines 143--144
[][][][] 
 []


Overfull \hbox (245.00906pt too wide) in paragraph at lines 143--144
[][][][] 
 []


Overfull \hbox (219.50865pt too wide) in paragraph at lines 143--144
[][][][] 
 []


Overfull \hbox (255.20923pt too wide) in paragraph at lines 143--144
[][][][] 
 []


Overfull \hbox (219.50865pt too wide) in paragraph at lines 143--144
[][][][] 
 []


Overfull \hbox (214.40857pt too wide) in paragraph at lines 143--144
[][]  
 []

[77] [78]) [79] [80] [81] [82] [83] [84] [85] [86] [87] [88] [89] [90] [91]
[92] [93] [94] [95] [96] [97]) [98]
(C:\Users\Atul\Documents\gitHub\toAtulArora\dipoles\holyText\Report\FrontBackma
tter/Colophon.tex
LaTeX Font Info:    Font shape `T1/fvm/m/n' will be
(Font)              scaled to size 9.30756pt on input line 10.

Underfull \hbox (badness 10000) in paragraph at lines 10--14

 []

) [99




]
Package atveryend Info: Empty hook `BeforeClearDocument' on input line 96.
Package atveryend Info: Empty hook `AfterLastShipout' on input line 96.

(C:\Users\Atul\Documents\gitHub\toAtulArora\dipoles\holyText\Report\latticeRepo
rt.aux
(C:\Users\Atul\Documents\gitHub\toAtulArora\dipoles\holyText\Report\FrontBackma
tter/Titlepage.aux)
(C:\Users\Atul\Documents\gitHub\toAtulArora\dipoles\holyText\Report\FrontBackma
tter/Titleback.aux)
(C:\Users\Atul\Documents\gitHub\toAtulArora\dipoles\holyText\Report\FrontBackma
tter/Acknowledgments.aux)
(C:\Users\Atul\Documents\gitHub\toAtulArora\dipoles\holyText\Report\FrontBackma
tter/Contents.aux)
(C:\Users\Atul\Documents\gitHub\toAtulArora\dipoles\holyText\Report\Chapters/Pr
ologue.aux)
(C:\Users\Atul\Documents\gitHub\toAtulArora\dipoles\holyText\Report\Chapters/Wa
tchItGrow.aux)
(C:\Users\Atul\Documents\gitHub\toAtulArora\dipoles\holyText\Report\FrontBackma
tter/Colophon.aux))
Package atveryend Info: Executing hook `AtVeryEndDocument' on input line 96.


 *File List*
scrreprt.cls    2012/07/29 v3.11b KOMA-Script document class (report)
scrkbase.sty    2012/07/29 v3.11b KOMA-Script package (KOMA-Script-dependent ba
sics and keyval usage)
 scrbase.sty    2012/07/29 v3.11b KOMA-Script package (KOMA-Script-independent 
basics and keyval usage)
  keyval.sty    1999/03/16 v1.13 key=value parser (DPC)
scrlfile.sty    2012/06/15 v3.12 KOMA-Script package (loading files)
tocbasic.sty    2012/04/04 v3.10b KOMA-Script package (handling toc-files)
scrsize11pt.clo    2012/07/29 v3.11b KOMA-Script font size class option (11pt)
typearea.sty    2012/07/29 v3.11b KOMA-Script package (type area)
classicthesis-config.tex
simpsons.sty    
  ifthen.sty    2001/05/26 v1.1c Standard LaTeX ifthen package (DPC)
inputenc.sty    2008/03/30 v1.1d Input encoding file
  latin9.def    2008/03/30 v1.1d Input encoding file
   babel.sty    2008/07/08 v3.8m The Babel package
 bblopts.cfg    2006/07/31 v1.0 MiKTeX 'babel' configuration
ngermanb.ldf    2008/07/06 v2.6n new German support from the babel system
 english.ldf    2005/03/30 v3.3o English support from the babel system
  natbib.sty    2010/09/13 8.31b (PWD, AO)
 amsmath.sty    2013/01/14 v2.14 AMS math features
 amstext.sty    2000/06/29 v2.01
  amsgen.sty    1999/11/30 v2.0
  amsbsy.sty    1999/11/29 v1.2d
  amsopn.sty    1999/12/14 v2.01 operator names
 fontenc.sty
   t1enc.def    2005/09/27 v1.99g Standard LaTeX file
  xspace.sty    2009/10/20 v1.13 Space after command names (DPC,MH)
mparhack.sty    2005/04/17 v1.4 (T. Sgouros and S. Ulrich)
fixltx2e.sty    2006/09/13 v1.1m fixes to LaTeX
 acronym.sty    2012/10/29 v1.38 Support for acronyms (Tobias Oetiker)
  suffix.sty    2006/07/15 1.5 Variant command support
 xstring.sty    2013/2/28  v1.7a  String manipulations (C Tellechea)
 relsize.sty    2003/07/04 ver 3.1
tabularx.sty    1999/01/07 v2.07 `tabularx' package (DPC)
   array.sty    2008/09/09 v2.4c Tabular extension package (FMi)
 caption.sty    2013/04/14 v3.3-73 Customizing captions (AR)
caption3.sty    2013/04/14 v1.5-71 caption3 kernel (AR)
  subfig.sty    2005/06/28 ver: 1.3 subfig package
listings.sty    2007/02/22 1.4 (Carsten Heinz)
 lstmisc.sty    2007/02/22 1.4 (Carsten Heinz)
listings.cfg    2007/02/22 1.4 listings configuration
lstlang1.sty    2004/09/05 1.3 listings language file
lstlang2.sty    2004/09/05 1.3 listings language file
lstlang3.sty    2004/09/05 1.3 listings language file
lstlang1.sty    2004/09/05 1.3 listings language file
lstlang2.sty    2004/09/05 1.3 listings language file
lstlang3.sty    2004/09/05 1.3 listings language file
lstlang1.sty    2004/09/05 1.3 listings language file
lstlang2.sty    2004/09/05 1.3 listings language file
lstlang3.sty    2004/09/05 1.3 listings language file
 lstmisc.sty    2007/02/22 1.4 (Carsten Heinz)
hyperref.sty    2012/11/06 v6.83m Hypertext links for LaTeX
hobsub-hyperref.sty    2012/04/25 v1.12 Bundle oberdiek, subset hyperref (HO)
hobsub-generic.sty    2012/04/25 v1.12 Bundle oberdiek, subset generic (HO)
  hobsub.sty    2012/04/25 v1.12 Construct package bundles (HO)
infwarerr.sty    2010/04/08 v1.3 Providing info/warning/error messages (HO)
 ltxcmds.sty    2011/11/09 v1.22 LaTeX kernel commands for general use (HO)
ifluatex.sty    2010/03/01 v1.3 Provides the ifluatex switch (HO)
  ifvtex.sty    2010/03/01 v1.5 Detect VTeX and its facilities (HO)
 intcalc.sty    2007/09/27 v1.1 Expandable calculations with integers (HO)
   ifpdf.sty    2011/01/30 v2.3 Provides the ifpdf switch (HO)
etexcmds.sty    2011/02/16 v1.5 Avoid name clashes with e-TeX commands (HO)
kvsetkeys.sty    2012/04/25 v1.16 Key value parser (HO)
kvdefinekeys.sty    2011/04/07 v1.3 Define keys (HO)
pdftexcmds.sty    2011/11/29 v0.20 Utility functions of pdfTeX for LuaTeX (HO)
pdfescape.sty    2011/11/25 v1.13 Implements pdfTeX's escape features (HO)
bigintcalc.sty    2012/04/08 v1.3 Expandable calculations on big integers (HO)
  bitset.sty    2011/01/30 v1.1 Handle bit-vector datatype (HO)
uniquecounter.sty    2011/01/30 v1.2 Provide unlimited unique counter (HO)
letltxmacro.sty    2010/09/02 v1.4 Let assignment for LaTeX macros (HO)
 hopatch.sty    2011/06/24 v1.1 Wrapper for package hooks (HO)
xcolor-patch.sty    2011/01/30 xcolor patch
atveryend.sty    2011/06/30 v1.8 Hooks at the very end of document (HO)
atbegshi.sty    2011/10/05 v1.16 At begin shipout hook (HO)
refcount.sty    2011/10/16 v3.4 Data extraction from label references (HO)
 hycolor.sty    2011/01/30 v1.7 Color options for hyperref/bookmark (HO)
 ifxetex.sty    2010/09/12 v0.6 Provides ifxetex conditional
 auxhook.sty    2011/03/04 v1.3 Hooks for auxiliary files (HO)
kvoptions.sty    2011/06/30 v3.11 Key value format for package options (HO)
  pd1enc.def    2012/11/06 v6.83m Hyperref: PDFDocEncoding definition (HO)
hyperref.cfg    2002/06/06 v1.2 hyperref configuration of TeXLive
     url.sty    2006/04/12  ver 3.3  Verb mode for urls, etc.
 hpdftex.def    2012/11/06 v6.83m Hyperref driver for pdfTeX
rerunfilecheck.sty    2011/04/15 v1.7 Rerun checks for auxiliary files (HO)
graphicx.sty    1999/02/16 v1.0f Enhanced LaTeX Graphics (DPC,SPQR)
graphics.sty    2009/02/05 v1.0o Standard LaTeX Graphics (DPC,SPQR)
    trig.sty    1999/03/16 v1.09 sin cos tan (DPC)
graphics.cfg    2007/01/18 v1.5 graphics configuration of teTeX/TeXLive
  pdftex.def    2011/05/27 v0.06d Graphics/color for pdfTeX
classicthesis.sty    2011/12/17 v4.0 Typographic style for a classic-looking th
esis
  xcolor.sty    2007/01/21 v2.11 LaTeX color extensions (UK)
   color.cfg    2007/01/18 v1.5 color configuration of teTeX/TeXLive
dvipsnam.def    1999/02/16 v3.0i Driver-dependant file (DPC,SPQR)
mathpazo.sty    2005/04/12 PSNFSS-v9.2a Palatino w/ Pazo Math (D.Puga, WaS) 
beramono.sty    2004/01/31 (WaS)
 eulervm.sty    2005/01/11 v4.0 (WaS)
microtype.sty    2013/03/13 v2.5 Micro-typographical refinements (RS)
microtype-pdftex.def    2013/03/13 v2.5 Definitions specific to pdftex (RS)
microtype.cfg    2013/03/13 v2.5 microtype main configuration file (RS)
booktabs.sty    2005/04/14 v1.61803 publication quality tables
textcase.sty    2004/10/07 v0.07 Text only upper/lower case changing (DPC)
scrpage2.sty    2010/04/22 v2.5 LaTeX2e KOMA-Script package
titlesec.sty    2011/12/15 v2.10.0 Sectioning titles
 tocloft.sty    2013/05/02 v2.3f parameterised ToC, etc., typesetting
 scrtime.sty    2012/07/29 v3.11b KOMA-Script package (time of LaTeX run)
prelim2e.sty    2009/05/29 v1.3 prelim2e Package (MS)
everyshi.sty    2001/05/15 v3.00 EveryShipout Package (MS)
remreset.sty    
  t1pplj.fd    2004/09/06 font definitions for T1/pplj.
 nameref.sty    2012/10/27 v2.43 Cross-referencing by name of section
gettitlestring.sty    2010/12/03 v1.4 Cleanup title references (HO)
latticeReport.out
latticeReport.out
supp-pdf.mkii
  mt-ppl.cfg    2005/11/16 v1.6 microtype config. file: Palatino (RS)
FrontBackmatter/Titlepage.tex
gfx/snapshot3.png
FrontBackmatter/Titleback.tex
FrontBackmatter/Acknowledgments.tex
FrontBackmatter/Contents.tex
   uzeur.fd    2005/01/11 v4.0 (WaS)
  mt-eur.cfg    2006/07/31 v1.1 microtype config. file: AMS Euler Roman (RS)
   uzeus.fd    2005/01/11 v4.0 (WaS)
  mt-eus.cfg    2006/07/28 v1.2 microtype config. file: AMS Euler Script (RS)
  uzeuex.fd    2005/01/11 v4.0 (WaS)
 ot1zplm.fd    2002/09/08 Fontinst v1.914 font definitions for OT1/zplm.
  t1cmss.fd    1999/05/25 v2.5h Standard LaTeX font definitions
Chapters/Prologue.tex
Chapters/WatchItGrow.tex
   t1fvm.fd    2004/09/07 scalable font definitions for T1/fvm.
../../README.md
gfx/fanSetup.jpg
gfx/fanSetupActual.jpg
gfx/vacuumCleanerSetup.jpg
gfx/theLightDipole.jpg
gfx/picture002.jpg
../../latticeAnalyser/screenshots/snapshot1.png
../../latticeAnalyser/screenshots/snapshot2.png
../../latticeAnalyser/multimediaFiles/singleDipole.png
../../latticeAnalyser/screenshots/snapshot5.png
gfx/testGraphs.pdf
gfx/ellipseCircleDipoles4x4_black.jpg
../../latticeAnalyser/screenshots/snapshot8.png
../../latticeAnalyser/screenshots/snapshot9.png
../../latticeAnalyser/screenshots/snapshot11.png
lstlang1.sty    2004/09/05 1.3 listings language file
lstlang1.sty    2004/09/05 1.3 listings language file
 lstmisc.sty    2007/02/22 1.4 (Carsten Heinz)
../../latticeAnalyser/latticeAnalyser.cpp
gfx/temperature.jpg
../../temperature/firmware/temperature.c
FrontBackmatter/Colophon.tex
 ***********

Package atveryend Info: Executing hook `AtEndAfterFileList' on input line 96.
Package rerunfilecheck Info: File `latticeReport.out' has not changed.
(rerunfilecheck)             Checksum: F18C208775B393A6A8EEC813E54221F3;1392.
Package atveryend Info: Empty hook `AtVeryVeryEnd' on input line 96.
 ) 
Here is how much of TeX's memory you used:
 23713 strings out of 493921
 356112 string characters out of 3147285
 733826 words of memory out of 3000000
 22986 multiletter control sequences out of 15000+200000
 82303 words of font info for 110 fonts, out of 3000000 for 9000
 841 hyphenation exceptions out of 8191
 53i,14n,67p,1570b,3039s stack positions out of 5000i,500n,10000p,200000b,50000s
{C:/Program Files/MiKTeX 2.9/fonts/enc/dvips/fontname/8r.enc}<C:/Program File
s/MiKTeX 2.9/fonts/type1/public/amsfonts/cm/cmsy10.pfb><C:/Program Files/MiKTeX
 2.9/fonts/type1/public/amsfonts/euler/eufm10.pfb><C:/Program Files/MiKTeX 2.9/
fonts/type1/public/amsfonts/euler/eurb10.pfb><C:/Program Files/MiKTeX 2.9/fonts
/type1/public/amsfonts/euler/eurm10.pfb><C:/Program Files/MiKTeX 2.9/fonts/type
1/public/fpl/fplrc8a.pfb><C:/Program Files/MiKTeX 2.9/fonts/type1/public/fpl/fp
lrij8a.pfb><C:/Program Files/MiKTeX 2.9/fonts/type1/bera/fvmr8a.pfb><C:/Program
 Files/MiKTeX 2.9/fonts/type1/public/amsfonts/latxfont/lcircle1.pfb><C:/Program
 Files/MiKTeX 2.9/fonts/type1/urw/palatino/uplr8a.pfb><C:/Program Files/MiKTeX 
2.9/fonts/type1/urw/palatino/uplri8a.pfb>
Output written on latticeReport.pdf (105 pages, 11844726 bytes).
PDF statistics:
 4838 PDF objects out of 5155 (max. 8388607)
 3600 named destinations out of 4296 (max. 500000)
 21241 words of extra memory for PDF output out of 24883 (max. 10000000)

